MATLAB is selecting SOFTWARE OPENGL rendering.

                            < M A T L A B (R) >
                  Copyright 1984-2018 The MathWorks, Inc.
              R2018a Update 6 (9.4.0.949201) 64-bit (glnxa64)
                             September 5, 2018

 
To get started, type one of these: helpwin, helpdesk, or demo.
For product information, visit www.mathworks.com.
 

filepath =

    '/projects/p30771/miniscope/data/H16_M35_S34'


name =

    'msCam1'


ext =

    '.avi'


filepath =

    '/projects/p30771/miniscope/data/H16_M35_S34'


name =

    'msCam2'


ext =

    '.avi'


filepath =

    '/projects/p30771/miniscope/data/H16_M35_S34'


name =

    'msCam3'


ext =

    '.avi'


filepath =

    '/projects/p30771/miniscope/data/H16_M35_S34'


name =

    'msCam4'


ext =

    '.avi'


filepath =

    '/projects/p30771/miniscope/data/H16_M35_S34'


name =

    'msCam5'


ext =

    '.avi'


filepath =

    '/projects/p30771/miniscope/data/H16_M35_S34'


name =

    'msCam6'


ext =

    '.avi'


filepath =

    '/projects/p30771/miniscope/data/H16_M35_S34'


name =

    'msCam7'


ext =

    '.avi'


filepath =

    '/projects/p30771/miniscope/data/H16_M35_S34'


name =

    'msCam8'


ext =

    '.avi'


filepath =

    '/projects/p30771/miniscope/data/H16_M35_S34'


name =

    'msCam9'


ext =

    '.avi'


filepath =

    '/projects/p30771/miniscope/data/H16_M35_S34'


name =

    'msCam10'


ext =

    '.avi'


filepath =

    '/projects/p30771/miniscope/data/H16_M35_S34'


name =

    'msCam11'


ext =

    '.avi'


filepath =

    '/projects/p30771/miniscope/data/H16_M35_S34'


name =

    'msCam12'


ext =

    '.avi'


filepath =

    '/projects/p30771/miniscope/data/H16_M35_S34'


name =

    'msCam13'


ext =

    '.avi'


filepath =

    '/projects/p30771/miniscope/data/H16_M35_S34'


name =

    'msCam14'


ext =

    '.avi'


filepath =

    '/projects/p30771/miniscope/data/H16_M35_S34'


name =

    'msCam15'


ext =

    '.avi'


filepath =

    '/projects/p30771/miniscope/data/H16_M35_S34'


name =

    'msCam16'


ext =

    '.avi'


filepath =

    '/projects/p30771/miniscope/data/H16_M35_S34'


name =

    'msCam17'


ext =

    '.avi'


filepath =

    '/projects/p30771/miniscope/data/H16_M35_S34'


name =

    'msCam18'


ext =

    '.avi'


filepath =

    '/projects/p30771/miniscope/data/H16_M35_S34'


name =

    'msCam19'


ext =

    '.avi'


filepath =

    '/projects/p30771/miniscope/data/H16_M35_S34'


name =

    'msCam20'


ext =

    '.avi'


filepath =

    '/projects/p30771/miniscope/data/H16_M35_S34'


name =

    'msCam21'


ext =

    '.avi'


filepath =

    '/projects/p30771/miniscope/data/H16_M35_S34'


name =

    'msCam22'


ext =

    '.avi'


filepath =

    '/projects/p30771/miniscope/data/H16_M35_S34'


name =

    'msCam23'


ext =

    '.avi'


filepath =

    '/projects/p30771/miniscope/data/H16_M35_S34'


name =

    'msCam24'


ext =

    '.avi'


filepath =

    '/projects/p30771/miniscope/data/H16_M35_S34'


name =

    'msCam25'


ext =

    '.avi'


filepath =

    '/projects/p30771/miniscope/data/H16_M35_S34'


name =

    'msCam26'


ext =

    '.avi'

