MATLAB is selecting SOFTWARE OPENGL rendering.

                            < M A T L A B (R) >
                  Copyright 1984-2018 The MathWorks, Inc.
              R2018a Update 6 (9.4.0.949201) 64-bit (glnxa64)
                             September 5, 2018

 
To get started, type one of these: helpwin, helpdesk, or demo.
For product information, visit www.mathworks.com.
 
/projects/p30771/miniscope/data/GRIN026/H16_M35_S34/memmap_0010memmap_0014_resized.h5
this is the folder path
/projects/p30771/miniscope/data/GRIN026/H16_M35_S34/memmap_0010memmap_0014_resized.h5
gSig:
     7

gSiz:
    21

Spatial downsampling factor:
     2

Parallel processing enabled
false
[Warning: Name is nonexistent or not a directory:
/projects/p30771/miniscope/data/GRIN026/H16_M35_S34/memmap_0010memmap_0014_resized.h5] 
[> In path (line 109)
  In addpath (line 96)
  In jjm_run_from_command_line (line 27)
  In run (line 91)] 
downsampling factor
     2

parallel processing enabled
false

The data has 752 X 480 pixels X 5000 frames. 
Loading all data (double precision) requires 13.447 GB RAM

The FOV is divided into 12 X 7 patches. 
Each patch has 63 X 61 pixels. 
It requires 0.528 GB RAM for loading data related to each patch. 

Finished reading images

-------- Loading --------
Data is being loaded and distributed into multiple small blocks for easy access.

Finished reading images
block( 1, 1)/(25, 15) done
block( 1, 2)/(25, 15) done
block( 1, 3)/(25, 15) done
block( 1, 4)/(25, 15) done
block( 1, 5)/(25, 15) done
block( 1, 6)/(25, 15) done
block( 1, 7)/(25, 15) done
block( 1, 8)/(25, 15) done
block( 1, 9)/(25, 15) done
block( 1,10)/(25, 15) done
block( 1,11)/(25, 15) done
block( 1,12)/(25, 15) done
block( 1,13)/(25, 15) done
block( 1,14)/(25, 15) done
block( 1,15)/(25, 15) done
block( 2, 1)/(25, 15) done
block( 2, 2)/(25, 15) done
block( 2, 3)/(25, 15) done
block( 2, 4)/(25, 15) done
block( 2, 5)/(25, 15) done
block( 2, 6)/(25, 15) done
block( 2, 7)/(25, 15) done
block( 2, 8)/(25, 15) done
block( 2, 9)/(25, 15) done
block( 2,10)/(25, 15) done
block( 2,11)/(25, 15) done
block( 2,12)/(25, 15) done
block( 2,13)/(25, 15) done
block( 2,14)/(25, 15) done
block( 2,15)/(25, 15) done
block( 3, 1)/(25, 15) done
block( 3, 2)/(25, 15) done
block( 3, 3)/(25, 15) done
block( 3, 4)/(25, 15) done
block( 3, 5)/(25, 15) done
block( 3, 6)/(25, 15) done
block( 3, 7)/(25, 15) done
block( 3, 8)/(25, 15) done
block( 3, 9)/(25, 15) done
block( 3,10)/(25, 15) done
block( 3,11)/(25, 15) done
block( 3,12)/(25, 15) done
block( 3,13)/(25, 15) done
block( 3,14)/(25, 15) done
block( 3,15)/(25, 15) done
block( 4, 1)/(25, 15) done
block( 4, 2)/(25, 15) done
block( 4, 3)/(25, 15) done
block( 4, 4)/(25, 15) done
block( 4, 5)/(25, 15) done
block( 4, 6)/(25, 15) done
block( 4, 7)/(25, 15) done
block( 4, 8)/(25, 15) done
block( 4, 9)/(25, 15) done
block( 4,10)/(25, 15) done
block( 4,11)/(25, 15) done
block( 4,12)/(25, 15) done
block( 4,13)/(25, 15) done
block( 4,14)/(25, 15) done
block( 4,15)/(25, 15) done
block( 5, 1)/(25, 15) done
block( 5, 2)/(25, 15) done
block( 5, 3)/(25, 15) done
block( 5, 4)/(25, 15) done
block( 5, 5)/(25, 15) done
block( 5, 6)/(25, 15) done
block( 5, 7)/(25, 15) done
block( 5, 8)/(25, 15) done
block( 5, 9)/(25, 15) done
block( 5,10)/(25, 15) done
block( 5,11)/(25, 15) done
block( 5,12)/(25, 15) done
block( 5,13)/(25, 15) done
block( 5,14)/(25, 15) done
block( 5,15)/(25, 15) done
block( 6, 1)/(25, 15) done
block( 6, 2)/(25, 15) done
block( 6, 3)/(25, 15) done
block( 6, 4)/(25, 15) done
block( 6, 5)/(25, 15) done
block( 6, 6)/(25, 15) done
block( 6, 7)/(25, 15) done
block( 6, 8)/(25, 15) done
block( 6, 9)/(25, 15) done
block( 6,10)/(25, 15) done
block( 6,11)/(25, 15) done
block( 6,12)/(25, 15) done
block( 6,13)/(25, 15) done
block( 6,14)/(25, 15) done
block( 6,15)/(25, 15) done
block( 7, 1)/(25, 15) done
block( 7, 2)/(25, 15) done
block( 7, 3)/(25, 15) done
block( 7, 4)/(25, 15) done
block( 7, 5)/(25, 15) done
block( 7, 6)/(25, 15) done
block( 7, 7)/(25, 15) done
block( 7, 8)/(25, 15) done
block( 7, 9)/(25, 15) done
block( 7,10)/(25, 15) done
block( 7,11)/(25, 15) done
block( 7,12)/(25, 15) done
block( 7,13)/(25, 15) done
block( 7,14)/(25, 15) done
block( 7,15)/(25, 15) done
block( 8, 1)/(25, 15) done
block( 8, 2)/(25, 15) done
block( 8, 3)/(25, 15) done
block( 8, 4)/(25, 15) done
block( 8, 5)/(25, 15) done
block( 8, 6)/(25, 15) done
block( 8, 7)/(25, 15) done
block( 8, 8)/(25, 15) done
block( 8, 9)/(25, 15) done
block( 8,10)/(25, 15) done
block( 8,11)/(25, 15) done
block( 8,12)/(25, 15) done
block( 8,13)/(25, 15) done
block( 8,14)/(25, 15) done
block( 8,15)/(25, 15) done
block( 9, 1)/(25, 15) done
block( 9, 2)/(25, 15) done
block( 9, 3)/(25, 15) done
block( 9, 4)/(25, 15) done
block( 9, 5)/(25, 15) done
block( 9, 6)/(25, 15) done
block( 9, 7)/(25, 15) done
block( 9, 8)/(25, 15) done
block( 9, 9)/(25, 15) done
block( 9,10)/(25, 15) done
block( 9,11)/(25, 15) done
block( 9,12)/(25, 15) done
block( 9,13)/(25, 15) done
block( 9,14)/(25, 15) done
block( 9,15)/(25, 15) done
block(10, 1)/(25, 15) done
block(10, 2)/(25, 15) done
block(10, 3)/(25, 15) done
block(10, 4)/(25, 15) done
block(10, 5)/(25, 15) done
block(10, 6)/(25, 15) done
block(10, 7)/(25, 15) done
block(10, 8)/(25, 15) done
block(10, 9)/(25, 15) done
block(10,10)/(25, 15) done
block(10,11)/(25, 15) done
block(10,12)/(25, 15) done
block(10,13)/(25, 15) done
block(10,14)/(25, 15) done
block(10,15)/(25, 15) done
block(11, 1)/(25, 15) done
block(11, 2)/(25, 15) done
block(11, 3)/(25, 15) done
block(11, 4)/(25, 15) done
block(11, 5)/(25, 15) done
block(11, 6)/(25, 15) done
block(11, 7)/(25, 15) done
block(11, 8)/(25, 15) done
block(11, 9)/(25, 15) done
block(11,10)/(25, 15) done
block(11,11)/(25, 15) done
block(11,12)/(25, 15) done
block(11,13)/(25, 15) done
block(11,14)/(25, 15) done
block(11,15)/(25, 15) done
block(12, 1)/(25, 15) done
block(12, 2)/(25, 15) done
block(12, 3)/(25, 15) done
block(12, 4)/(25, 15) done
block(12, 5)/(25, 15) done
block(12, 6)/(25, 15) done
block(12, 7)/(25, 15) done
block(12, 8)/(25, 15) done
block(12, 9)/(25, 15) done
block(12,10)/(25, 15) done
block(12,11)/(25, 15) done
block(12,12)/(25, 15) done
block(12,13)/(25, 15) done
block(12,14)/(25, 15) done
block(12,15)/(25, 15) done
block(13, 1)/(25, 15) done
block(13, 2)/(25, 15) done
block(13, 3)/(25, 15) done
block(13, 4)/(25, 15) done
block(13, 5)/(25, 15) done
block(13, 6)/(25, 15) done
block(13, 7)/(25, 15) done
block(13, 8)/(25, 15) done
block(13, 9)/(25, 15) done
block(13,10)/(25, 15) done
block(13,11)/(25, 15) done
block(13,12)/(25, 15) done
block(13,13)/(25, 15) done
block(13,14)/(25, 15) done
block(13,15)/(25, 15) done
block(14, 1)/(25, 15) done
block(14, 2)/(25, 15) done
block(14, 3)/(25, 15) done
block(14, 4)/(25, 15) done
block(14, 5)/(25, 15) done
block(14, 6)/(25, 15) done
block(14, 7)/(25, 15) done
block(14, 8)/(25, 15) done
block(14, 9)/(25, 15) done
block(14,10)/(25, 15) done
block(14,11)/(25, 15) done
block(14,12)/(25, 15) done
block(14,13)/(25, 15) done
block(14,14)/(25, 15) done
block(14,15)/(25, 15) done
block(15, 1)/(25, 15) done
block(15, 2)/(25, 15) done
block(15, 3)/(25, 15) done
block(15, 4)/(25, 15) done
block(15, 5)/(25, 15) done
block(15, 6)/(25, 15) done
block(15, 7)/(25, 15) done
block(15, 8)/(25, 15) done
block(15, 9)/(25, 15) done
block(15,10)/(25, 15) done
block(15,11)/(25, 15) done
block(15,12)/(25, 15) done
block(15,13)/(25, 15) done
block(15,14)/(25, 15) done
block(15,15)/(25, 15) done
block(16, 1)/(25, 15) done
block(16, 2)/(25, 15) done
block(16, 3)/(25, 15) done
block(16, 4)/(25, 15) done
block(16, 5)/(25, 15) done
block(16, 6)/(25, 15) done
block(16, 7)/(25, 15) done
block(16, 8)/(25, 15) done
block(16, 9)/(25, 15) done
block(16,10)/(25, 15) done
block(16,11)/(25, 15) done
block(16,12)/(25, 15) done
block(16,13)/(25, 15) done
block(16,14)/(25, 15) done
block(16,15)/(25, 15) done
block(17, 1)/(25, 15) done
block(17, 2)/(25, 15) done
block(17, 3)/(25, 15) done
block(17, 4)/(25, 15) done
block(17, 5)/(25, 15) done
block(17, 6)/(25, 15) done
block(17, 7)/(25, 15) done
block(17, 8)/(25, 15) done
block(17, 9)/(25, 15) done
block(17,10)/(25, 15) done
block(17,11)/(25, 15) done
block(17,12)/(25, 15) done
block(17,13)/(25, 15) done
block(17,14)/(25, 15) done
block(17,15)/(25, 15) done
block(18, 1)/(25, 15) done
block(18, 2)/(25, 15) done
block(18, 3)/(25, 15) done
block(18, 4)/(25, 15) done
block(18, 5)/(25, 15) done
block(18, 6)/(25, 15) done
block(18, 7)/(25, 15) done
block(18, 8)/(25, 15) done
block(18, 9)/(25, 15) done
block(18,10)/(25, 15) done
block(18,11)/(25, 15) done
block(18,12)/(25, 15) done
block(18,13)/(25, 15) done
block(18,14)/(25, 15) done
block(18,15)/(25, 15) done
block(19, 1)/(25, 15) done
block(19, 2)/(25, 15) done
block(19, 3)/(25, 15) done
block(19, 4)/(25, 15) done
block(19, 5)/(25, 15) done
block(19, 6)/(25, 15) done
block(19, 7)/(25, 15) done
block(19, 8)/(25, 15) done
block(19, 9)/(25, 15) done
block(19,10)/(25, 15) done
block(19,11)/(25, 15) done
block(19,12)/(25, 15) done
block(19,13)/(25, 15) done
block(19,14)/(25, 15) done
block(19,15)/(25, 15) done
block(20, 1)/(25, 15) done
block(20, 2)/(25, 15) done
block(20, 3)/(25, 15) done
block(20, 4)/(25, 15) done
block(20, 5)/(25, 15) done
block(20, 6)/(25, 15) done
block(20, 7)/(25, 15) done
block(20, 8)/(25, 15) done
block(20, 9)/(25, 15) done
block(20,10)/(25, 15) done
block(20,11)/(25, 15) done
block(20,12)/(25, 15) done
block(20,13)/(25, 15) done
block(20,14)/(25, 15) done
block(20,15)/(25, 15) done
block(21, 1)/(25, 15) done
block(21, 2)/(25, 15) done
block(21, 3)/(25, 15) done
block(21, 4)/(25, 15) done
block(21, 5)/(25, 15) done
block(21, 6)/(25, 15) done
block(21, 7)/(25, 15) done
block(21, 8)/(25, 15) done
block(21, 9)/(25, 15) done
block(21,10)/(25, 15) done
block(21,11)/(25, 15) done
block(21,12)/(25, 15) done
block(21,13)/(25, 15) done
block(21,14)/(25, 15) done
block(21,15)/(25, 15) done
block(22, 1)/(25, 15) done
block(22, 2)/(25, 15) done
block(22, 3)/(25, 15) done
block(22, 4)/(25, 15) done
block(22, 5)/(25, 15) done
block(22, 6)/(25, 15) done
block(22, 7)/(25, 15) done
block(22, 8)/(25, 15) done
block(22, 9)/(25, 15) done
block(22,10)/(25, 15) done
block(22,11)/(25, 15) done
block(22,12)/(25, 15) done
block(22,13)/(25, 15) done
block(22,14)/(25, 15) done
block(22,15)/(25, 15) done
block(23, 1)/(25, 15) done
block(23, 2)/(25, 15) done
block(23, 3)/(25, 15) done
block(23, 4)/(25, 15) done
block(23, 5)/(25, 15) done
block(23, 6)/(25, 15) done
block(23, 7)/(25, 15) done
block(23, 8)/(25, 15) done
block(23, 9)/(25, 15) done
block(23,10)/(25, 15) done
block(23,11)/(25, 15) done
block(23,12)/(25, 15) done
block(23,13)/(25, 15) done
block(23,14)/(25, 15) done
block(23,15)/(25, 15) done
block(24, 1)/(25, 15) done
block(24, 2)/(25, 15) done
block(24, 3)/(25, 15) done
block(24, 4)/(25, 15) done
block(24, 5)/(25, 15) done
block(24, 6)/(25, 15) done
block(24, 7)/(25, 15) done
block(24, 8)/(25, 15) done
block(24, 9)/(25, 15) done
block(24,10)/(25, 15) done
block(24,11)/(25, 15) done
block(24,12)/(25, 15) done
block(24,13)/(25, 15) done
block(24,14)/(25, 15) done
block(24,15)/(25, 15) done
block(25, 1)/(25, 15) done
block(25, 2)/(25, 15) done
block(25, 3)/(25, 15) done
block(25, 4)/(25, 15) done
block(25, 5)/(25, 15) done
block(25, 6)/(25, 15) done
block(25, 7)/(25, 15) done
block(25, 8)/(25, 15) done
block(25, 9)/(25, 15) done
block(25,10)/(25, 15) done
block(25,11)/(25, 15) done
block(25,12)/(25, 15) done
block(25,13)/(25, 15) done
block(25,14)/(25, 15) done
block(25,15)/(25, 15) done
loaded 5000 out of 5000 frames

The data has been saved into 
/projects/p30771/miniscope/data/GRIN026/H16_M35_S34/memmap_0010memmap_0014_resized_source_extraction_20:00:53.926/data_61_61_29.mat

-------- Done --------
estimating the nosie level for every pixel.......
Time cost for estimating the nosie levels:  146.306 

Starting parallel pool (parpool) using the 'local' profile ...
connected to 11 workers.
Patch ( 1,  1) is done. 12 X  7 patches in total. 
Patch ( 5,  1) is done. 12 X  7 patches in total. 
Patch (10,  1) is done. 12 X  7 patches in total. 
Patch ( 2,  1) is done. 12 X  7 patches in total. 
Patch ( 7,  1) is done. 12 X  7 patches in total. 
Patch ( 3,  1) is done. 12 X  7 patches in total. 
Patch ( 2,  2) is done. 12 X  7 patches in total. 
Patch ( 6,  2) is done. 12 X  7 patches in total. 
Patch (10,  2) is done. 12 X  7 patches in total. 
Patch ( 2,  3) is done. 12 X  7 patches in total. 
Warning: File: /projects/p30771/MATLAB/CNMF_E_jjm/OASIS_matlab/packages/oasis/foopsi_oasisAR1.m Line: 166 Column: 9
Defining "h" in the nested function shares it with the parent function.  In a future release, to share "h" between parent and nested functions, explicitly define it in the parent function.
> In deconvolveCa (line 120)
Patch ( 4,  1) is done. 12 X  7 patches in total. 
Patch ( 6,  1) is done. 12 X  7 patches in total. 
Patch ( 9,  1) is done. 12 X  7 patches in total. 
Patch (10,  3) is done. 12 X  7 patches in total. 
Patch ( 2,  4) is done. 12 X  7 patches in total. 
Patch ( 1,  2) is done. 12 X  7 patches in total. 
Warning: File: /projects/p30771/MATLAB/CNMF_E_jjm/OASIS_matlab/packages/oasis/foopsi_oasisAR1.m Line: 166 Column: 9
Defining "h" in the nested function shares it with the parent function.  In a future release, to share "h" between parent and nested functions, explicitly define it in the parent function.
> In deconvolveCa (line 120)
Patch ( 9,  2) is done. 12 X  7 patches in total. 
Patch ( 1,  3) is done. 12 X  7 patches in total. 
Patch ( 5,  2) is done. 12 X  7 patches in total. 
Patch ( 8,  1) is done. 12 X  7 patches in total. 
Patch (10,  4) is done. 12 X  7 patches in total. 
Patch (12,  1) is done. 12 X  7 patches in total. 
Patch ( 9,  3) is done. 12 X  7 patches in total. 
Patch ( 2,  5) is done. 12 X  7 patches in total. 
Patch ( 1,  4) is done. 12 X  7 patches in total. 
  In greedyROI_endoscope (line 357)
  In parallel_function>make_general_channel/channel_general (line 917)
  In remoteParallelFunction (line 46)
Patch ( 6,  3) is done. 12 X  7 patches in total. 
Patch ( 5,  3) is done. 12 X  7 patches in total. 
Patch ( 8,  2) is done. 12 X  7 patches in total. 
Patch (12,  2) is done. 12 X  7 patches in total. 
Patch ( 4,  2) is done. 12 X  7 patches in total. 
  In greedyROI_endoscope (line 357)
  In parallel_function>make_general_channel/channel_general (line 917)
  In remoteParallelFunction (line 46)
Patch ( 6,  4) is done. 12 X  7 patches in total. 
Patch ( 5,  4) is done. 12 X  7 patches in total. 
Patch (11,  1) is done. 12 X  7 patches in total. 
Patch ( 1,  5) is done. 12 X  7 patches in total. 
Warning: File: /projects/p30771/MATLAB/CNMF_E_jjm/OASIS_matlab/packages/oasis/foopsi_oasisAR1.m Line: 166 Column: 9
Defining "h" in the nested function shares it with the parent function.  In a future release, to share "h" between parent and nested functions, explicitly define it in the parent function.
> In deconvolveCa (line 120)
Patch ( 9,  4) is done. 12 X  7 patches in total. 
Patch ( 8,  3) is done. 12 X  7 patches in total. 
Patch (12,  3) is done. 12 X  7 patches in total. 
  In greedyROI_endoscope (line 357)
  In parallel_function>make_general_channel/channel_general (line 917)
  In remoteParallelFunction (line 46)
Patch ( 6,  5) is done. 12 X  7 patches in total. 
Patch (11,  2) is done. 12 X  7 patches in total. 
Patch ( 4,  3) is done. 12 X  7 patches in total. 
Patch ( 7,  2) is done. 12 X  7 patches in total. 
Patch ( 3,  2) is done. 12 X  7 patches in total. 
Patch (12,  4) is done. 12 X  7 patches in total. 
Patch ( 9,  5) is done. 12 X  7 patches in total. 
Patch ( 4,  4) is done. 12 X  7 patches in total. 
Patch ( 8,  4) is done. 12 X  7 patches in total. 
Patch (11,  3) is done. 12 X  7 patches in total. 
Patch ( 7,  3) is done. 12 X  7 patches in total. 
Patch (12,  5) is done. 12 X  7 patches in total. 
Patch ( 3,  3) is done. 12 X  7 patches in total. 
Warning: File: /projects/p30771/MATLAB/CNMF_E_jjm/OASIS_matlab/packages/oasis/foopsi_oasisAR1.m Line: 166 Column: 9
Defining "h" in the nested function shares it with the parent function.  In a future release, to share "h" between parent and nested functions, explicitly define it in the parent function.
> In deconvolveCa (line 120)
Warning: File: /projects/p30771/MATLAB/CNMF_E_jjm/OASIS_matlab/packages/oasis/foopsi_oasisAR1.m Line: 166 Column: 9
Defining "h" in the nested function shares it with the parent function.  In a future release, to share "h" between parent and nested functions, explicitly define it in the parent function.
> In deconvolveCa (line 120)
Patch (11,  4) is done. 12 X  7 patches in total. 
Patch ( 5,  5) is done. 12 X  7 patches in total. 
Patch ( 8,  5) is done. 12 X  7 patches in total. 
Patch ( 3,  4) is done. 12 X  7 patches in total. 
  In greedyROI_endoscope (line 357)
  In parallel_function>make_general_channel/channel_general (line 917)
  In remoteParallelFunction (line 46)
Patch ( 3,  6) is done. 12 X  7 patches in total. 
Patch ( 7,  4) is done. 12 X  7 patches in total. 
Patch ( 9,  6) is done. 12 X  7 patches in total. 
Patch (11,  6) is done. 12 X  7 patches in total. 
Patch (11,  5) is done. 12 X  7 patches in total. 
  In greedyROI_endoscope (line 357)
  In parallel_function>make_general_channel/channel_general (line 917)
  In remoteParallelFunction (line 46)
Patch ( 5,  6) is done. 12 X  7 patches in total. 
Patch ( 7,  6) is done. 12 X  7 patches in total. 
Patch ( 1,  7) is done. 12 X  7 patches in total. 
Patch ( 4,  5) is done. 12 X  7 patches in total. 
Warning: File: /projects/p30771/MATLAB/CNMF_E_jjm/OASIS_matlab/packages/oasis/foopsi_oasisAR1.m Line: 166 Column: 9
Defining "h" in the nested function shares it with the parent function.  In a future release, to share "h" between parent and nested functions, explicitly define it in the parent function.
> In deconvolveCa (line 120)
  In greedyROI_endoscope (line 357)
  In parallel_function>make_general_channel/channel_general (line 917)
  In remoteParallelFunction (line 46)
Patch ( 7,  5) is done. 12 X  7 patches in total. 
Patch ( 2,  6) is done. 12 X  7 patches in total. 
Patch ( 3,  7) is done. 12 X  7 patches in total. 
Patch (10,  6) is done. 12 X  7 patches in total. 
Patch ( 8,  6) is done. 12 X  7 patches in total. 
Patch ( 2,  7) is done. 12 X  7 patches in total. 
Patch (10,  5) is done. 12 X  7 patches in total. 
Patch (12,  6) is done. 12 X  7 patches in total. 
Patch ( 4,  6) is done. 12 X  7 patches in total. 
Patch ( 1,  6) is done. 12 X  7 patches in total. 
Patch ( 3,  5) is done. 12 X  7 patches in total. 
Patch (12,  7) is done. 12 X  7 patches in total. 
Patch ( 6,  6) is done. 12 X  7 patches in total. 
Patch (10,  7) is done. 12 X  7 patches in total. 
Patch ( 9,  7) is done. 12 X  7 patches in total. 
Patch ( 5,  7) is done. 12 X  7 patches in total. 
Patch ( 8,  7) is done. 12 X  7 patches in total. 
Patch ( 6,  7) is done. 12 X  7 patches in total. 
Patch ( 7,  7) is done. 12 X  7 patches in total. 
Patch ( 4,  7) is done. 12 X  7 patches in total. 
Patch (11,  7) is done. 12 X  7 patches in total. 

-----------------UPDATE BACKGROUND---------------------------
Patch ( 1,  1) is done. 12 X  7 patches in total. 
Patch ( 5,  1) is done. 12 X  7 patches in total. 
Patch ( 2,  1) is done. 12 X  7 patches in total. 
Patch ( 7,  1) is done. 12 X  7 patches in total. 
Patch ( 3,  1) is done. 12 X  7 patches in total. 
Patch (10,  1) is done. 12 X  7 patches in total. 
Patch ( 2,  2) is done. 12 X  7 patches in total. 
Patch ( 6,  2) is done. 12 X  7 patches in total. 
Patch (10,  2) is done. 12 X  7 patches in total. 
Patch ( 6,  3) is done. 12 X  7 patches in total. 
Patch ( 2,  3) is done. 12 X  7 patches in total. 
Patch ( 6,  1) is done. 12 X  7 patches in total. 
Patch ( 4,  1) is done. 12 X  7 patches in total. 
Patch (10,  3) is done. 12 X  7 patches in total. 
Patch ( 9,  1) is done. 12 X  7 patches in total. 
Patch ( 2,  4) is done. 12 X  7 patches in total. 
Patch ( 6,  4) is done. 12 X  7 patches in total. 
Patch ( 1,  2) is done. 12 X  7 patches in total. 
Patch ( 1,  3) is done. 12 X  7 patches in total. 
Patch ( 5,  2) is done. 12 X  7 patches in total. 
Patch ( 9,  2) is done. 12 X  7 patches in total. 
Patch ( 5,  3) is done. 12 X  7 patches in total. 
Patch ( 8,  1) is done. 12 X  7 patches in total. 
Patch (12,  1) is done. 12 X  7 patches in total. 
Patch ( 2,  5) is done. 12 X  7 patches in total. 
Patch ( 1,  4) is done. 12 X  7 patches in total. 
Patch (10,  4) is done. 12 X  7 patches in total. 
Patch ( 9,  3) is done. 12 X  7 patches in total. 
Patch (12,  2) is done. 12 X  7 patches in total. 
Patch ( 5,  4) is done. 12 X  7 patches in total. 
Patch ( 4,  2) is done. 12 X  7 patches in total. 
Patch ( 8,  2) is done. 12 X  7 patches in total. 
Patch ( 4,  3) is done. 12 X  7 patches in total. 
Patch (11,  1) is done. 12 X  7 patches in total. 
Patch (12,  3) is done. 12 X  7 patches in total. 
Patch ( 1,  5) is done. 12 X  7 patches in total. 
Patch ( 6,  5) is done. 12 X  7 patches in total. 
Patch ( 9,  4) is done. 12 X  7 patches in total. 
Patch ( 8,  3) is done. 12 X  7 patches in total. 
Patch (11,  2) is done. 12 X  7 patches in total. 
Patch ( 4,  4) is done. 12 X  7 patches in total. 
Patch ( 3,  2) is done. 12 X  7 patches in total. 
Patch ( 7,  2) is done. 12 X  7 patches in total. 
Patch ( 3,  3) is done. 12 X  7 patches in total. 
Patch (12,  4) is done. 12 X  7 patches in total. 
Patch ( 9,  5) is done. 12 X  7 patches in total. 
Patch (11,  3) is done. 12 X  7 patches in total. 
Patch ( 5,  5) is done. 12 X  7 patches in total. 
Patch ( 8,  4) is done. 12 X  7 patches in total. 
Patch (12,  5) is done. 12 X  7 patches in total. 
Patch ( 7,  3) is done. 12 X  7 patches in total. 
Patch ( 5,  6) is done. 12 X  7 patches in total. 
Patch ( 3,  4) is done. 12 X  7 patches in total. 
Patch ( 3,  6) is done. 12 X  7 patches in total. 
Patch ( 7,  6) is done. 12 X  7 patches in total. 
Patch (11,  4) is done. 12 X  7 patches in total. 
Patch (11,  6) is done. 12 X  7 patches in total. 
Patch ( 8,  5) is done. 12 X  7 patches in total. 
Patch ( 4,  5) is done. 12 X  7 patches in total. 
Patch ( 7,  4) is done. 12 X  7 patches in total. 
Patch (11,  5) is done. 12 X  7 patches in total. 
Patch ( 9,  6) is done. 12 X  7 patches in total. 
Patch ( 4,  6) is done. 12 X  7 patches in total. 
Patch ( 6,  6) is done. 12 X  7 patches in total. 
Patch ( 2,  6) is done. 12 X  7 patches in total. 
Patch ( 1,  7) is done. 12 X  7 patches in total. 
Patch (10,  6) is done. 12 X  7 patches in total. 
Patch ( 3,  5) is done. 12 X  7 patches in total. 
Patch ( 7,  5) is done. 12 X  7 patches in total. 
Patch (10,  5) is done. 12 X  7 patches in total. 
Patch ( 8,  6) is done. 12 X  7 patches in total. 
Patch ( 1,  6) is done. 12 X  7 patches in total. 
Patch ( 2,  7) is done. 12 X  7 patches in total. 
Patch (12,  6) is done. 12 X  7 patches in total. 
Patch ( 3,  7) is done. 12 X  7 patches in total. 
Patch ( 6,  7) is done. 12 X  7 patches in total. 
Patch ( 9,  7) is done. 12 X  7 patches in total. 
Patch (10,  7) is done. 12 X  7 patches in total. 
Patch ( 4,  7) is done. 12 X  7 patches in total. 
Patch ( 5,  7) is done. 12 X  7 patches in total. 
Patch ( 7,  7) is done. 12 X  7 patches in total. 
Patch (11,  7) is done. 12 X  7 patches in total. 
Patch ( 8,  7) is done. 12 X  7 patches in total. 
Patch (12,  7) is done. 12 X  7 patches in total. 
Finished updating background using ring model.
-------------MERGE HIGHLY CORRELATED CLOSE-BY NEURONS----------

All pairs of neurons are below the merging criterion!

-------------MERGE HIGHLY CORRELATED NEURONS----------

All pairs of neurons are below the merging criterion!


-----------------UPDATE SPATIAL---------------------------
Patch ( 1,  1) is done. 12 X  7 patches in total. 
Patch ( 2,  1) is done. 12 X  7 patches in total. 
Patch ( 3,  1) is done. 12 X  7 patches in total. 
Patch (10,  1) is done. 12 X  7 patches in total. 
Patch ( 5,  1) is done. 12 X  7 patches in total. 
Patch ( 7,  1) is done. 12 X  7 patches in total. 
Patch ( 2,  2) is done. 12 X  7 patches in total. 
Patch ( 6,  2) is done. 12 X  7 patches in total. 
Patch (10,  2) is done. 12 X  7 patches in total. 
Patch ( 2,  3) is done. 12 X  7 patches in total. 
Patch ( 6,  3) is done. 12 X  7 patches in total. 
Patch ( 6,  1) is done. 12 X  7 patches in total. 
Patch ( 9,  1) is done. 12 X  7 patches in total. 
Patch (10,  3) is done. 12 X  7 patches in total. 
Patch ( 2,  4) is done. 12 X  7 patches in total. 
Patch ( 6,  4) is done. 12 X  7 patches in total. 
Patch ( 4,  1) is done. 12 X  7 patches in total. 
Patch ( 1,  2) is done. 12 X  7 patches in total. 
Patch ( 5,  2) is done. 12 X  7 patches in total. 
Patch ( 9,  2) is done. 12 X  7 patches in total. 
Patch ( 1,  3) is done. 12 X  7 patches in total. 
Patch ( 5,  3) is done. 12 X  7 patches in total. 
Patch ( 8,  1) is done. 12 X  7 patches in total. 
Patch ( 9,  3) is done. 12 X  7 patches in total. 
Patch ( 1,  4) is done. 12 X  7 patches in total. 
Patch (12,  1) is done. 12 X  7 patches in total. 
Patch ( 5,  4) is done. 12 X  7 patches in total. 
Patch ( 2,  5) is done. 12 X  7 patches in total. 
Patch ( 4,  2) is done. 12 X  7 patches in total. 
Patch ( 8,  2) is done. 12 X  7 patches in total. 
Patch (12,  2) is done. 12 X  7 patches in total. 
Patch (10,  4) is done. 12 X  7 patches in total. 
Patch ( 4,  3) is done. 12 X  7 patches in total. 
Patch (11,  1) is done. 12 X  7 patches in total. 
Patch (12,  3) is done. 12 X  7 patches in total. 
Patch ( 1,  5) is done. 12 X  7 patches in total. 
Patch ( 6,  5) is done. 12 X  7 patches in total. 
Patch ( 8,  3) is done. 12 X  7 patches in total. 
Patch ( 3,  2) is done. 12 X  7 patches in total. 
Patch ( 4,  4) is done. 12 X  7 patches in total. 
Patch ( 7,  2) is done. 12 X  7 patches in total. 
Patch (11,  2) is done. 12 X  7 patches in total. 
Patch ( 3,  3) is done. 12 X  7 patches in total. 
Patch ( 9,  4) is done. 12 X  7 patches in total. 
Patch (11,  3) is done. 12 X  7 patches in total. 
Patch (12,  4) is done. 12 X  7 patches in total. 
Patch ( 9,  5) is done. 12 X  7 patches in total. 
Patch ( 7,  3) is done. 12 X  7 patches in total. 
Patch ( 5,  5) is done. 12 X  7 patches in total. 
Patch ( 3,  4) is done. 12 X  7 patches in total. 
Patch (12,  5) is done. 12 X  7 patches in total. 
Patch ( 3,  6) is done. 12 X  7 patches in total. 
Patch ( 5,  6) is done. 12 X  7 patches in total. 
Patch ( 7,  6) is done. 12 X  7 patches in total. 
Patch ( 8,  4) is done. 12 X  7 patches in total. 
Patch (11,  4) is done. 12 X  7 patches in total. 
Patch ( 8,  5) is done. 12 X  7 patches in total. 
Patch ( 9,  6) is done. 12 X  7 patches in total. 
Patch (11,  6) is done. 12 X  7 patches in total. 
Patch ( 4,  5) is done. 12 X  7 patches in total. 
Patch (11,  5) is done. 12 X  7 patches in total. 
Patch ( 2,  6) is done. 12 X  7 patches in total. 
Patch ( 4,  6) is done. 12 X  7 patches in total. 
Patch ( 6,  6) is done. 12 X  7 patches in total. 
Patch ( 7,  4) is done. 12 X  7 patches in total. 
Patch ( 1,  7) is done. 12 X  7 patches in total. 
Patch ( 7,  5) is done. 12 X  7 patches in total. 
Patch (10,  6) is done. 12 X  7 patches in total. 
Patch ( 3,  5) is done. 12 X  7 patches in total. 
Patch (10,  5) is done. 12 X  7 patches in total. 
Patch ( 8,  6) is done. 12 X  7 patches in total. 
Patch ( 1,  6) is done. 12 X  7 patches in total. 
Patch ( 2,  7) is done. 12 X  7 patches in total. 
Patch (12,  6) is done. 12 X  7 patches in total. 
Patch ( 8,  7) is done. 12 X  7 patches in total. 
Patch ( 9,  7) is done. 12 X  7 patches in total. 
Patch ( 3,  7) is done. 12 X  7 patches in total. 
Patch (10,  7) is done. 12 X  7 patches in total. 
Patch ( 5,  7) is done. 12 X  7 patches in total. 
Patch ( 4,  7) is done. 12 X  7 patches in total. 
Patch ( 6,  7) is done. 12 X  7 patches in total. 
Patch (11,  7) is done. 12 X  7 patches in total. 
Patch ( 7,  7) is done. 12 X  7 patches in total. 
Patch (12,  7) is done. 12 X  7 patches in total. 
Collect results from all small patches...
Post-process spatial components of all neurons...
Done!
Done!
Update the constant baselines for all pixels..
Done!
-------------MERGE HIGHLY CORRELATED NEURONS----------

All pairs of neurons are below the merging criterion!


-----------------UPDATE TEMPORAL---------------------------
Patch ( 1,  1) is done. 12 X  7 patches in total. 
Patch ( 2,  1) is done. 12 X  7 patches in total. 
Patch ( 2,  4) is done. 12 X  7 patches in total. 
Patch ( 1,  4) is done. 12 X  7 patches in total. 
Patch (12,  3) is done. 12 X  7 patches in total. 
Patch (11,  3) is done. 12 X  7 patches in total. 
Patch ( 3,  1) is done. 12 X  7 patches in total. 
Patch ( 5,  1) is done. 12 X  7 patches in total. 
Patch ( 4,  1) is done. 12 X  7 patches in total. 
Patch ( 7,  1) is done. 12 X  7 patches in total. 
Patch ( 6,  1) is done. 12 X  7 patches in total. 
Patch ( 2,  5) is done. 12 X  7 patches in total. 
Patch ( 1,  5) is done. 12 X  7 patches in total. 
Patch (12,  4) is done. 12 X  7 patches in total. 
Patch (11,  4) is done. 12 X  7 patches in total. 
Patch ( 9,  6) is done. 12 X  7 patches in total. 
Patch ( 8,  6) is done. 12 X  7 patches in total. 
Patch (10,  7) is done. 12 X  7 patches in total. 
Patch (10,  1) is done. 12 X  7 patches in total. 
Patch ( 9,  1) is done. 12 X  7 patches in total. 
Patch ( 8,  1) is done. 12 X  7 patches in total. 
Patch ( 2,  2) is done. 12 X  7 patches in total. 
Patch ( 1,  2) is done. 12 X  7 patches in total. 
Patch (12,  1) is done. 12 X  7 patches in total. 
Patch (11,  1) is done. 12 X  7 patches in total. 
Patch ( 6,  2) is done. 12 X  7 patches in total. 
Patch ( 5,  2) is done. 12 X  7 patches in total. 
Patch ( 4,  2) is done. 12 X  7 patches in total. 
Patch ( 3,  2) is done. 12 X  7 patches in total. 
Patch (12,  5) is done. 12 X  7 patches in total. 
Patch (11,  5) is done. 12 X  7 patches in total. 
Patch (10,  5) is done. 12 X  7 patches in total. 
Patch (10,  2) is done. 12 X  7 patches in total. 
Patch ( 9,  2) is done. 12 X  7 patches in total. 
Patch ( 8,  2) is done. 12 X  7 patches in total. 
Patch ( 7,  2) is done. 12 X  7 patches in total. 
Patch ( 2,  3) is done. 12 X  7 patches in total. 
Patch ( 1,  3) is done. 12 X  7 patches in total. 
Patch (12,  2) is done. 12 X  7 patches in total. 
Patch (11,  2) is done. 12 X  7 patches in total. 
Patch (12,  7) is done. 12 X  7 patches in total. 
Patch ( 7,  6) is done. 12 X  7 patches in total. 
Patch (10,  4) is done. 12 X  7 patches in total. 
Patch ( 9,  4) is done. 12 X  7 patches in total. 
Patch ( 8,  4) is done. 12 X  7 patches in total. 
Patch ( 7,  4) is done. 12 X  7 patches in total. 
Patch ( 9,  5) is done. 12 X  7 patches in total. 
Patch ( 8,  5) is done. 12 X  7 patches in total. 
Patch ( 7,  5) is done. 12 X  7 patches in total. 
Patch ( 6,  3) is done. 12 X  7 patches in total. 
Patch (10,  3) is done. 12 X  7 patches in total. 
Patch ( 9,  3) is done. 12 X  7 patches in total. 
Patch ( 8,  3) is done. 12 X  7 patches in total. 
Patch ( 7,  3) is done. 12 X  7 patches in total. 
Patch ( 1,  7) is done. 12 X  7 patches in total. 
Patch (12,  6) is done. 12 X  7 patches in total. 
Patch ( 6,  4) is done. 12 X  7 patches in total. 
Patch ( 3,  6) is done. 12 X  7 patches in total. 
Patch ( 2,  6) is done. 12 X  7 patches in total. 
Patch ( 1,  6) is done. 12 X  7 patches in total. 
Patch ( 8,  7) is done. 12 X  7 patches in total. 
Warning: File: /projects/p30771/MATLAB/CNMF_E_jjm/OASIS_matlab/packages/oasis/foopsi_oasisAR1.m Line: 166 Column: 9
Defining "h" in the nested function shares it with the parent function.  In a future release, to share "h" between parent and nested functions, explicitly define it in the parent function.
> In deconvolveCa (line 120)
  In HALS_temporal (line 92)
  In parallel_function>make_general_channel/channel_general (line 917)
  In remoteParallelFunction (line 46)
Patch ( 6,  7) is done. 12 X  7 patches in total. 
Patch (11,  7) is done. 12 X  7 patches in total. 
Patch ( 6,  5) is done. 12 X  7 patches in total. 
Warning: File: /projects/p30771/MATLAB/CNMF_E_jjm/OASIS_matlab/packages/oasis/foopsi_oasisAR1.m Line: 166 Column: 9
Defining "h" in the nested function shares it with the parent function.  In a future release, to share "h" between parent and nested functions, explicitly define it in the parent function.
> In deconvolveCa (line 120)
Patch ( 5,  6) is done. 12 X  7 patches in total. 
Patch ( 5,  3) is done. 12 X  7 patches in total. 
Patch ( 3,  7) is done. 12 X  7 patches in total. 
Patch ( 5,  4) is done. 12 X  7 patches in total. 
Patch ( 5,  7) is done. 12 X  7 patches in total. 
Patch ( 4,  3) is done. 12 X  7 patches in total. 
Patch ( 3,  3) is done. 12 X  7 patches in total. 
Patch (11,  6) is done. 12 X  7 patches in total. 
Patch (10,  6) is done. 12 X  7 patches in total. 
Patch ( 5,  5) is done. 12 X  7 patches in total. 
Patch ( 4,  6) is done. 12 X  7 patches in total. 
Patch ( 7,  7) is done. 12 X  7 patches in total. 
Patch ( 4,  4) is done. 12 X  7 patches in total. 
Patch ( 3,  4) is done. 12 X  7 patches in total. 
Patch ( 2,  7) is done. 12 X  7 patches in total. 
Patch ( 4,  5) is done. 12 X  7 patches in total. 
  In HALS_temporal (line 92)
  In parallel_function>make_general_channel/channel_general (line 917)
  In remoteParallelFunction (line 46)
Patch ( 6,  6) is done. 12 X  7 patches in total. 
Patch ( 9,  7) is done. 12 X  7 patches in total. 
Patch ( 3,  5) is done. 12 X  7 patches in total. 
Patch ( 4,  7) is done. 12 X  7 patches in total. 
Collect results from all small patches...
Deconvolve and denoise all temporal traces again...
||||||||||||||
Warning: File: /projects/p30771/MATLAB/CNMF_E_jjm/OASIS_matlab/packages/oasis/foopsi_oasisAR1.m Line: 166 Column: 9
Defining "h" in the nested function shares it with the parent function.  In a future release, to share "h" between parent and nested functions, explicitly define it in the parent function.
> In deconvolveCa (line 120)
Warning: File: /projects/p30771/MATLAB/CNMF_E_jjm/OASIS_matlab/packages/oasis/foopsi_oasisAR1.m Line: 166 Column: 9
Defining "h" in the nested function shares it with the parent function.  In a future release, to share "h" between parent and nested functions, explicitly define it in the parent function.
> In deconvolveCa (line 120)
Warning: File: /projects/p30771/MATLAB/CNMF_E_jjm/OASIS_matlab/packages/oasis/foopsi_oasisAR1.m Line: 166 Column: 9
Defining "h" in the nested function shares it with the parent function.  In a future release, to share "h" between parent and nested functions, explicitly define it in the parent function.
> In deconvolveCa (line 120)
  In parallel_function>make_general_channel/channel_general (line 917)
  In remoteParallelFunction (line 46)
  In parallel_function>make_general_channel/channel_general (line 917)
  In remoteParallelFunction (line 46)
  In parallel_function>make_general_channel/channel_general (line 917)
  In remoteParallelFunction (line 46)
..
..
..
.
.
.
.
.
.
.
.

Done!
Update the constant baselines for all pixels..
Done!
all components are good 
-------------MERGE HIGHLY CORRELATED CLOSE-BY NEURONS----------

All pairs of neurons are below the merging criterion!


-----------------UPDATE TEMPORAL---------------------------
Patch ( 1,  1) is done. 12 X  7 patches in total. 
Patch ( 2,  1) is done. 12 X  7 patches in total. 
Patch ( 2,  4) is done. 12 X  7 patches in total. 
Patch ( 1,  4) is done. 12 X  7 patches in total. 
Patch (12,  3) is done. 12 X  7 patches in total. 
Patch (11,  3) is done. 12 X  7 patches in total. 
Patch ( 3,  1) is done. 12 X  7 patches in total. 
Patch ( 5,  1) is done. 12 X  7 patches in total. 
Patch ( 4,  1) is done. 12 X  7 patches in total. 
Patch ( 7,  1) is done. 12 X  7 patches in total. 
Patch ( 6,  1) is done. 12 X  7 patches in total. 
Patch ( 2,  5) is done. 12 X  7 patches in total. 
Patch ( 1,  5) is done. 12 X  7 patches in total. 
Patch (12,  4) is done. 12 X  7 patches in total. 
Patch (11,  4) is done. 12 X  7 patches in total. 
Patch ( 9,  6) is done. 12 X  7 patches in total. 
Patch ( 8,  6) is done. 12 X  7 patches in total. 
Patch ( 1,  7) is done. 12 X  7 patches in total. 
Patch (12,  6) is done. 12 X  7 patches in total. 
Patch (10,  1) is done. 12 X  7 patches in total. 
Patch ( 9,  1) is done. 12 X  7 patches in total. 
Patch ( 8,  1) is done. 12 X  7 patches in total. 
Patch ( 2,  2) is done. 12 X  7 patches in total. 
Patch ( 1,  2) is done. 12 X  7 patches in total. 
Patch (12,  1) is done. 12 X  7 patches in total. 
Patch (11,  1) is done. 12 X  7 patches in total. 
Patch ( 6,  2) is done. 12 X  7 patches in total. 
Patch ( 5,  2) is done. 12 X  7 patches in total. 
Patch ( 4,  2) is done. 12 X  7 patches in total. 
Patch ( 3,  2) is done. 12 X  7 patches in total. 
Patch (12,  5) is done. 12 X  7 patches in total. 
Patch (11,  5) is done. 12 X  7 patches in total. 
Patch (10,  5) is done. 12 X  7 patches in total. 
Patch (11,  6) is done. 12 X  7 patches in total. 
Patch (10,  6) is done. 12 X  7 patches in total. 
Patch (10,  2) is done. 12 X  7 patches in total. 
Patch ( 9,  2) is done. 12 X  7 patches in total. 
Patch ( 8,  2) is done. 12 X  7 patches in total. 
Patch ( 7,  2) is done. 12 X  7 patches in total. 
Patch ( 2,  3) is done. 12 X  7 patches in total. 
Patch ( 1,  3) is done. 12 X  7 patches in total. 
Patch (12,  2) is done. 12 X  7 patches in total. 
Patch (11,  2) is done. 12 X  7 patches in total. 
Patch (12,  7) is done. 12 X  7 patches in total. 
Patch (11,  7) is done. 12 X  7 patches in total. 
Patch (10,  3) is done. 12 X  7 patches in total. 
Patch ( 9,  3) is done. 12 X  7 patches in total. 
Patch ( 8,  3) is done. 12 X  7 patches in total. 
Patch ( 7,  3) is done. 12 X  7 patches in total. 
Patch ( 7,  6) is done. 12 X  7 patches in total. 
Patch ( 6,  3) is done. 12 X  7 patches in total. 
Patch (10,  4) is done. 12 X  7 patches in total. 
Patch ( 9,  4) is done. 12 X  7 patches in total. 
Patch ( 8,  4) is done. 12 X  7 patches in total. 
Patch ( 7,  4) is done. 12 X  7 patches in total. 
Patch ( 9,  5) is done. 12 X  7 patches in total. 
Patch ( 8,  5) is done. 12 X  7 patches in total. 
Patch ( 7,  5) is done. 12 X  7 patches in total. 
Patch ( 7,  7) is done. 12 X  7 patches in total. 
Patch ( 3,  6) is done. 12 X  7 patches in total. 
Patch ( 2,  6) is done. 12 X  7 patches in total. 
Patch ( 1,  6) is done. 12 X  7 patches in total. 
Patch ( 8,  7) is done. 12 X  7 patches in total. 
Patch ( 6,  4) is done. 12 X  7 patches in total. 
Patch ( 6,  5) is done. 12 X  7 patches in total. 
Patch ( 5,  6) is done. 12 X  7 patches in total. 
Patch ( 5,  3) is done. 12 X  7 patches in total. 
Patch ( 3,  7) is done. 12 X  7 patches in total. 
Patch ( 5,  4) is done. 12 X  7 patches in total. 
Patch ( 5,  7) is done. 12 X  7 patches in total. 
Patch ( 4,  3) is done. 12 X  7 patches in total. 
Patch ( 3,  3) is done. 12 X  7 patches in total. 
Patch ( 2,  7) is done. 12 X  7 patches in total. 
Patch ( 5,  5) is done. 12 X  7 patches in total. 
Patch ( 4,  4) is done. 12 X  7 patches in total. 
Patch ( 3,  4) is done. 12 X  7 patches in total. 
Patch ( 4,  6) is done. 12 X  7 patches in total. 
Patch ( 9,  7) is done. 12 X  7 patches in total. 
Patch ( 4,  5) is done. 12 X  7 patches in total. 
Patch ( 4,  7) is done. 12 X  7 patches in total. 
Patch ( 3,  5) is done. 12 X  7 patches in total. 
Patch ( 6,  6) is done. 12 X  7 patches in total. 
Patch (10,  7) is done. 12 X  7 patches in total. 
Patch ( 6,  7) is done. 12 X  7 patches in total. 
Collect results from all small patches...
Deconvolve and denoise all temporal traces again...
||||||||||||||
..
..
..
.
.
.
.
.
.
.
.

Done!
Update the constant baselines for all pixels..
Done!
all components are good 
-------------MERGE HIGHLY CORRELATED CLOSE-BY NEURONS----------

All pairs of neurons are below the merging criterion!


-----------------UPDATE BACKGROUND---------------------------
Patch ( 1,  1) is done. 12 X  7 patches in total. 
Patch ( 2,  1) is done. 12 X  7 patches in total. 
Patch ( 2,  4) is done. 12 X  7 patches in total. 
Patch ( 1,  4) is done. 12 X  7 patches in total. 
Patch (12,  3) is done. 12 X  7 patches in total. 
Patch (11,  3) is done. 12 X  7 patches in total. 
Patch ( 3,  1) is done. 12 X  7 patches in total. 
Patch ( 5,  1) is done. 12 X  7 patches in total. 
Patch ( 4,  1) is done. 12 X  7 patches in total. 
Patch ( 7,  1) is done. 12 X  7 patches in total. 
Patch ( 6,  1) is done. 12 X  7 patches in total. 
Patch ( 2,  5) is done. 12 X  7 patches in total. 
Patch ( 1,  5) is done. 12 X  7 patches in total. 
Patch (12,  4) is done. 12 X  7 patches in total. 
Patch (11,  4) is done. 12 X  7 patches in total. 
Patch ( 9,  6) is done. 12 X  7 patches in total. 
Patch ( 8,  6) is done. 12 X  7 patches in total. 
Patch (10,  1) is done. 12 X  7 patches in total. 
Patch ( 9,  1) is done. 12 X  7 patches in total. 
Patch ( 8,  1) is done. 12 X  7 patches in total. 
Patch ( 2,  2) is done. 12 X  7 patches in total. 
Patch ( 1,  2) is done. 12 X  7 patches in total. 
Patch (12,  1) is done. 12 X  7 patches in total. 
Patch (11,  1) is done. 12 X  7 patches in total. 
Patch ( 6,  2) is done. 12 X  7 patches in total. 
Patch ( 5,  2) is done. 12 X  7 patches in total. 
Patch ( 4,  2) is done. 12 X  7 patches in total. 
Patch ( 3,  2) is done. 12 X  7 patches in total. 
Patch (12,  5) is done. 12 X  7 patches in total. 
Patch (11,  5) is done. 12 X  7 patches in total. 
Patch (10,  5) is done. 12 X  7 patches in total. 
Patch ( 1,  7) is done. 12 X  7 patches in total. 
Patch (12,  6) is done. 12 X  7 patches in total. 
Patch ( 7,  7) is done. 12 X  7 patches in total. 
Patch (10,  2) is done. 12 X  7 patches in total. 
Patch ( 9,  2) is done. 12 X  7 patches in total. 
Patch ( 8,  2) is done. 12 X  7 patches in total. 
Patch ( 7,  2) is done. 12 X  7 patches in total. 
Patch ( 2,  3) is done. 12 X  7 patches in total. 
Patch ( 1,  3) is done. 12 X  7 patches in total. 
Patch (12,  2) is done. 12 X  7 patches in total. 
Patch (11,  2) is done. 12 X  7 patches in total. 
Patch (11,  7) is done. 12 X  7 patches in total. 
Patch (10,  3) is done. 12 X  7 patches in total. 
Patch ( 9,  3) is done. 12 X  7 patches in total. 
Patch ( 8,  3) is done. 12 X  7 patches in total. 
Patch ( 7,  3) is done. 12 X  7 patches in total. 
Patch ( 2,  7) is done. 12 X  7 patches in total. 
Patch (10,  4) is done. 12 X  7 patches in total. 
Patch ( 9,  4) is done. 12 X  7 patches in total. 
Patch ( 8,  4) is done. 12 X  7 patches in total. 
Patch ( 7,  4) is done. 12 X  7 patches in total. 
Patch ( 7,  6) is done. 12 X  7 patches in total. 
Patch ( 3,  7) is done. 12 X  7 patches in total. 
Patch ( 9,  5) is done. 12 X  7 patches in total. 
Patch ( 8,  5) is done. 12 X  7 patches in total. 
Patch ( 7,  5) is done. 12 X  7 patches in total. 
Patch ( 8,  7) is done. 12 X  7 patches in total. 
Patch ( 6,  3) is done. 12 X  7 patches in total. 
Patch ( 3,  6) is done. 12 X  7 patches in total. 
Patch ( 2,  6) is done. 12 X  7 patches in total. 
Patch ( 1,  6) is done. 12 X  7 patches in total. 
Patch ( 9,  7) is done. 12 X  7 patches in total. 
Patch ( 5,  3) is done. 12 X  7 patches in total. 
Patch ( 6,  6) is done. 12 X  7 patches in total. 
Patch ( 6,  4) is done. 12 X  7 patches in total. 
Patch (12,  7) is done. 12 X  7 patches in total. 
Patch ( 6,  5) is done. 12 X  7 patches in total. 
Patch ( 5,  6) is done. 12 X  7 patches in total. 
Patch ( 4,  3) is done. 12 X  7 patches in total. 
Patch ( 3,  3) is done. 12 X  7 patches in total. 
Patch (11,  6) is done. 12 X  7 patches in total. 
Patch (10,  6) is done. 12 X  7 patches in total. 
Patch ( 5,  7) is done. 12 X  7 patches in total. 
Patch ( 5,  4) is done. 12 X  7 patches in total. 
Patch ( 5,  5) is done. 12 X  7 patches in total. 
Patch ( 4,  6) is done. 12 X  7 patches in total. 
Patch (10,  7) is done. 12 X  7 patches in total. 
Patch ( 4,  4) is done. 12 X  7 patches in total. 
Patch ( 3,  4) is done. 12 X  7 patches in total. 
Patch ( 4,  5) is done. 12 X  7 patches in total. 
Patch ( 3,  5) is done. 12 X  7 patches in total. 
Patch ( 4,  7) is done. 12 X  7 patches in total. 
Patch ( 6,  7) is done. 12 X  7 patches in total. 
Finished updating background using ring model.

-----------------UPDATE SPATIAL---------------------------
Patch ( 1,  1) is done. 12 X  7 patches in total. 
Patch (10,  3) is done. 12 X  7 patches in total. 
Patch ( 9,  3) is done. 12 X  7 patches in total. 
Patch ( 8,  3) is done. 12 X  7 patches in total. 
Patch ( 7,  3) is done. 12 X  7 patches in total. 
Patch ( 2,  1) is done. 12 X  7 patches in total. 
Patch ( 2,  4) is done. 12 X  7 patches in total. 
Patch ( 1,  4) is done. 12 X  7 patches in total. 
Patch (12,  3) is done. 12 X  7 patches in total. 
Patch (11,  3) is done. 12 X  7 patches in total. 
Patch ( 9,  6) is done. 12 X  7 patches in total. 
Patch ( 8,  6) is done. 12 X  7 patches in total. 
Patch ( 3,  1) is done. 12 X  7 patches in total. 
Patch ( 5,  1) is done. 12 X  7 patches in total. 
Patch ( 4,  1) is done. 12 X  7 patches in total. 
Patch (10,  4) is done. 12 X  7 patches in total. 
Patch ( 9,  4) is done. 12 X  7 patches in total. 
Patch ( 8,  4) is done. 12 X  7 patches in total. 
Patch ( 7,  4) is done. 12 X  7 patches in total. 
Patch (11,  6) is done. 12 X  7 patches in total. 
Patch (10,  6) is done. 12 X  7 patches in total. 
Patch ( 7,  1) is done. 12 X  7 patches in total. 
Patch ( 6,  1) is done. 12 X  7 patches in total. 
Patch ( 2,  5) is done. 12 X  7 patches in total. 
Patch ( 1,  5) is done. 12 X  7 patches in total. 
Patch (12,  4) is done. 12 X  7 patches in total. 
Patch (11,  4) is done. 12 X  7 patches in total. 
Patch ( 1,  7) is done. 12 X  7 patches in total. 
Patch (12,  6) is done. 12 X  7 patches in total. 
Patch (10,  1) is done. 12 X  7 patches in total. 
Patch ( 9,  1) is done. 12 X  7 patches in total. 
Patch ( 8,  1) is done. 12 X  7 patches in total. 
Patch ( 2,  2) is done. 12 X  7 patches in total. 
Patch ( 1,  2) is done. 12 X  7 patches in total. 
Patch (12,  1) is done. 12 X  7 patches in total. 
Patch (11,  1) is done. 12 X  7 patches in total. 
Patch ( 9,  5) is done. 12 X  7 patches in total. 
Patch ( 8,  5) is done. 12 X  7 patches in total. 
Patch ( 7,  5) is done. 12 X  7 patches in total. 
Patch ( 2,  7) is done. 12 X  7 patches in total. 
Patch ( 6,  2) is done. 12 X  7 patches in total. 
Patch ( 5,  2) is done. 12 X  7 patches in total. 
Patch ( 4,  2) is done. 12 X  7 patches in total. 
Patch ( 3,  2) is done. 12 X  7 patches in total. 
Patch (12,  5) is done. 12 X  7 patches in total. 
Patch (11,  5) is done. 12 X  7 patches in total. 
Patch (10,  5) is done. 12 X  7 patches in total. 
Patch ( 3,  7) is done. 12 X  7 patches in total. 
Patch (10,  2) is done. 12 X  7 patches in total. 
Patch ( 9,  2) is done. 12 X  7 patches in total. 
Patch ( 8,  2) is done. 12 X  7 patches in total. 
Patch ( 7,  2) is done. 12 X  7 patches in total. 
Patch ( 2,  3) is done. 12 X  7 patches in total. 
Patch ( 1,  3) is done. 12 X  7 patches in total. 
Patch (12,  2) is done. 12 X  7 patches in total. 
Patch (11,  2) is done. 12 X  7 patches in total. 
Patch ( 3,  6) is done. 12 X  7 patches in total. 
Patch ( 2,  6) is done. 12 X  7 patches in total. 
Patch ( 1,  6) is done. 12 X  7 patches in total. 
Patch ( 6,  3) is done. 12 X  7 patches in total. 
Patch (10,  7) is done. 12 X  7 patches in total. 
Patch ( 7,  6) is done. 12 X  7 patches in total. 
Patch ( 6,  6) is done. 12 X  7 patches in total. 
Patch (12,  7) is done. 12 X  7 patches in total. 
Patch ( 6,  4) is done. 12 X  7 patches in total. 
Patch ( 6,  5) is done. 12 X  7 patches in total. 
Patch ( 5,  6) is done. 12 X  7 patches in total. 
Patch ( 5,  7) is done. 12 X  7 patches in total. 
Patch ( 6,  7) is done. 12 X  7 patches in total. 
Patch ( 4,  7) is done. 12 X  7 patches in total. 
Patch ( 5,  3) is done. 12 X  7 patches in total. 
Patch ( 4,  3) is done. 12 X  7 patches in total. 
Patch ( 3,  3) is done. 12 X  7 patches in total. 
Patch ( 7,  7) is done. 12 X  7 patches in total. 
Patch ( 5,  4) is done. 12 X  7 patches in total. 
Patch ( 5,  5) is done. 12 X  7 patches in total. 
Patch ( 4,  6) is done. 12 X  7 patches in total. 
Patch (11,  7) is done. 12 X  7 patches in total. 
Patch ( 4,  4) is done. 12 X  7 patches in total. 
Patch ( 3,  4) is done. 12 X  7 patches in total. 
Patch ( 8,  7) is done. 12 X  7 patches in total. 
Patch ( 4,  5) is done. 12 X  7 patches in total. 
Patch ( 3,  5) is done. 12 X  7 patches in total. 
Patch ( 9,  7) is done. 12 X  7 patches in total. 
Collect results from all small patches...
Post-process spatial components of all neurons...
Done!
Done!
Update the constant baselines for all pixels..
Done!

-----------------UPDATE TEMPORAL---------------------------
Patch ( 1,  1) is done. 12 X  7 patches in total. 
Patch ( 2,  1) is done. 12 X  7 patches in total. 
Patch ( 2,  4) is done. 12 X  7 patches in total. 
Patch ( 1,  4) is done. 12 X  7 patches in total. 
Patch (12,  3) is done. 12 X  7 patches in total. 
Patch (11,  3) is done. 12 X  7 patches in total. 
Patch ( 3,  1) is done. 12 X  7 patches in total. 
Patch ( 5,  1) is done. 12 X  7 patches in total. 
Patch ( 4,  1) is done. 12 X  7 patches in total. 
Patch ( 7,  1) is done. 12 X  7 patches in total. 
Patch ( 6,  1) is done. 12 X  7 patches in total. 
Patch ( 2,  5) is done. 12 X  7 patches in total. 
Patch ( 1,  5) is done. 12 X  7 patches in total. 
Patch (12,  4) is done. 12 X  7 patches in total. 
Patch (11,  4) is done. 12 X  7 patches in total. 
Patch ( 9,  6) is done. 12 X  7 patches in total. 
Patch ( 8,  6) is done. 12 X  7 patches in total. 
Patch ( 1,  7) is done. 12 X  7 patches in total. 
Patch (12,  6) is done. 12 X  7 patches in total. 
Patch (10,  1) is done. 12 X  7 patches in total. 
Patch ( 9,  1) is done. 12 X  7 patches in total. 
Patch ( 8,  1) is done. 12 X  7 patches in total. 
Patch ( 2,  2) is done. 12 X  7 patches in total. 
Patch ( 1,  2) is done. 12 X  7 patches in total. 
Patch (12,  1) is done. 12 X  7 patches in total. 
Patch (11,  1) is done. 12 X  7 patches in total. 
Patch ( 6,  2) is done. 12 X  7 patches in total. 
Patch ( 5,  2) is done. 12 X  7 patches in total. 
Patch ( 4,  2) is done. 12 X  7 patches in total. 
Patch ( 3,  2) is done. 12 X  7 patches in total. 
Patch (12,  5) is done. 12 X  7 patches in total. 
Patch (11,  5) is done. 12 X  7 patches in total. 
Patch (10,  5) is done. 12 X  7 patches in total. 
Patch (11,  6) is done. 12 X  7 patches in total. 
Patch (10,  6) is done. 12 X  7 patches in total. 
Patch (10,  2) is done. 12 X  7 patches in total. 
Patch ( 9,  2) is done. 12 X  7 patches in total. 
Patch ( 8,  2) is done. 12 X  7 patches in total. 
Patch ( 7,  2) is done. 12 X  7 patches in total. 
Patch ( 2,  3) is done. 12 X  7 patches in total. 
Patch ( 1,  3) is done. 12 X  7 patches in total. 
Patch (12,  2) is done. 12 X  7 patches in total. 
Patch (11,  2) is done. 12 X  7 patches in total. 
Patch (12,  7) is done. 12 X  7 patches in total. 
Patch (11,  7) is done. 12 X  7 patches in total. 
Patch (10,  3) is done. 12 X  7 patches in total. 
Patch ( 9,  3) is done. 12 X  7 patches in total. 
Patch ( 8,  3) is done. 12 X  7 patches in total. 
Patch ( 7,  3) is done. 12 X  7 patches in total. 
Patch ( 7,  6) is done. 12 X  7 patches in total. 
Patch ( 6,  3) is done. 12 X  7 patches in total. 
Patch ( 9,  5) is done. 12 X  7 patches in total. 
Patch ( 8,  5) is done. 12 X  7 patches in total. 
Patch ( 7,  5) is done. 12 X  7 patches in total. 
Patch (10,  4) is done. 12 X  7 patches in total. 
Patch ( 9,  4) is done. 12 X  7 patches in total. 
Patch ( 8,  4) is done. 12 X  7 patches in total. 
Patch ( 7,  4) is done. 12 X  7 patches in total. 
Patch ( 3,  6) is done. 12 X  7 patches in total. 
Patch ( 2,  6) is done. 12 X  7 patches in total. 
Patch ( 1,  6) is done. 12 X  7 patches in total. 
Patch ( 8,  7) is done. 12 X  7 patches in total. 
Patch ( 6,  4) is done. 12 X  7 patches in total. 
Patch ( 6,  5) is done. 12 X  7 patches in total. 
Patch ( 5,  6) is done. 12 X  7 patches in total. 
Patch ( 7,  7) is done. 12 X  7 patches in total. 
Patch ( 3,  7) is done. 12 X  7 patches in total. 
Patch ( 6,  6) is done. 12 X  7 patches in total. 
Patch (10,  7) is done. 12 X  7 patches in total. 
Patch ( 5,  4) is done. 12 X  7 patches in total. 
Patch ( 5,  7) is done. 12 X  7 patches in total. 
Patch ( 4,  6) is done. 12 X  7 patches in total. 
Patch ( 9,  7) is done. 12 X  7 patches in total. 
Patch ( 5,  5) is done. 12 X  7 patches in total. 
Patch ( 4,  4) is done. 12 X  7 patches in total. 
Patch ( 3,  4) is done. 12 X  7 patches in total. 
Patch ( 4,  7) is done. 12 X  7 patches in total. 
Patch ( 4,  5) is done. 12 X  7 patches in total. 
Patch ( 3,  5) is done. 12 X  7 patches in total. 
Patch ( 5,  3) is done. 12 X  7 patches in total. 
Patch ( 4,  3) is done. 12 X  7 patches in total. 
Patch ( 3,  3) is done. 12 X  7 patches in total. 
Patch ( 2,  7) is done. 12 X  7 patches in total. 
Patch ( 6,  7) is done. 12 X  7 patches in total. 
Collect results from all small patches...
Deconvolve and denoise all temporal traces again...
||||||||||||||
.
..
.
..
.
.
.
.
.
.
.
.

Done!
Update the constant baselines for all pixels..
Done!
all components are good 
-------------MERGE HIGHLY CORRELATED CLOSE-BY NEURONS----------

All pairs of neurons are below the merging criterion!

-------------MERGE HIGHLY CORRELATED NEURONS----------

All pairs of neurons are below the merging criterion!

------------- SAVE THE WHOLE WORKSPACE ----------

The current workspace has been saved into file 
	/projects/p30771/miniscope/data/GRIN026/H16_M35_S34/memmap_0010memmap_0014_resized_source_extraction_20:00:53.926/frames_1_5000/LOGS_09-Oct_20_07_56/09-Oct_20_16_22.mat

The folder has been created and old results will be overwritten. 
[Warning: MATLAB has disabled some advanced graphics rendering features by
switching to software OpenGL. For more information, click <a
href="matlab:opengl('problems')">here</a>.] 
finished cnmfe run
