MATLAB is selecting SOFTWARE OPENGL rendering.

                            < M A T L A B (R) >
                  Copyright 1984-2018 The MathWorks, Inc.
              R2018a Update 6 (9.4.0.949201) 64-bit (glnxa64)
                             September 5, 2018

 
To get started, type one of these: helpwin, helpdesk, or demo.
For product information, visit www.mathworks.com.
 
/projects/p30771/miniscope/data/GRIN026/H16_M35_S34msCam1_Substack_300-400_unfiltered_rigidcorrected.tif
this is the folder path
/projects/p30771/miniscope/data/GRIN026/H16_M35_S34msCam1_Substack_300-400_unfiltered_rigidcorrected.tif
gSig:
     7

gSiz:
    21

Spatial downsampling factor:
     2

Parallel processing enabled
false
[Warning: Name is nonexistent or not a directory:
/projects/p30771/miniscope/data/GRIN026/H16_M35_S34msCam1_Substack_300-400_unfiltered_rigidcorrected.tif] 
[> In path (line 109)
  In addpath (line 96)
  In jjm_run_from_command_line (line 27)
  In run (line 91)] 
downsampling factor
     2

parallel processing enabled
false

The data has 480 X 752 pixels X 101 frames. 
Loading all data (double precision) requires 0.272 GB RAM

The FOV is divided into 7 X 12 patches. 
Each patch has 61 X 63 pixels. 
It requires 0.011 GB RAM for loading data related to each patch. 

Reading from frame 1 to frame 1 of 101 total frames
Finished reading images

-------- Loading --------
Data is being loaded and distributed into multiple small blocks for easy access.

Reading from frame 1 to frame 101 of 101 total frames
Finished reading images
block( 1, 1)/(15, 25) done
block( 1, 2)/(15, 25) done
block( 1, 3)/(15, 25) done
block( 1, 4)/(15, 25) done
block( 1, 5)/(15, 25) done
block( 1, 6)/(15, 25) done
block( 1, 7)/(15, 25) done
block( 1, 8)/(15, 25) done
block( 1, 9)/(15, 25) done
block( 1,10)/(15, 25) done
block( 1,11)/(15, 25) done
block( 1,12)/(15, 25) done
block( 1,13)/(15, 25) done
block( 1,14)/(15, 25) done
block( 1,15)/(15, 25) done
block( 1,16)/(15, 25) done
block( 1,17)/(15, 25) done
block( 1,18)/(15, 25) done
block( 1,19)/(15, 25) done
block( 1,20)/(15, 25) done
block( 1,21)/(15, 25) done
block( 1,22)/(15, 25) done
block( 1,23)/(15, 25) done
block( 1,24)/(15, 25) done
block( 1,25)/(15, 25) done
block( 2, 1)/(15, 25) done
block( 2, 2)/(15, 25) done
block( 2, 3)/(15, 25) done
block( 2, 4)/(15, 25) done
block( 2, 5)/(15, 25) done
block( 2, 6)/(15, 25) done
block( 2, 7)/(15, 25) done
block( 2, 8)/(15, 25) done
block( 2, 9)/(15, 25) done
block( 2,10)/(15, 25) done
block( 2,11)/(15, 25) done
block( 2,12)/(15, 25) done
block( 2,13)/(15, 25) done
block( 2,14)/(15, 25) done
block( 2,15)/(15, 25) done
block( 2,16)/(15, 25) done
block( 2,17)/(15, 25) done
block( 2,18)/(15, 25) done
block( 2,19)/(15, 25) done
block( 2,20)/(15, 25) done
block( 2,21)/(15, 25) done
block( 2,22)/(15, 25) done
block( 2,23)/(15, 25) done
block( 2,24)/(15, 25) done
block( 2,25)/(15, 25) done
block( 3, 1)/(15, 25) done
block( 3, 2)/(15, 25) done
block( 3, 3)/(15, 25) done
block( 3, 4)/(15, 25) done
block( 3, 5)/(15, 25) done
block( 3, 6)/(15, 25) done
block( 3, 7)/(15, 25) done
block( 3, 8)/(15, 25) done
block( 3, 9)/(15, 25) done
block( 3,10)/(15, 25) done
block( 3,11)/(15, 25) done
block( 3,12)/(15, 25) done
block( 3,13)/(15, 25) done
block( 3,14)/(15, 25) done
block( 3,15)/(15, 25) done
block( 3,16)/(15, 25) done
block( 3,17)/(15, 25) done
block( 3,18)/(15, 25) done
block( 3,19)/(15, 25) done
block( 3,20)/(15, 25) done
block( 3,21)/(15, 25) done
block( 3,22)/(15, 25) done
block( 3,23)/(15, 25) done
block( 3,24)/(15, 25) done
block( 3,25)/(15, 25) done
block( 4, 1)/(15, 25) done
block( 4, 2)/(15, 25) done
block( 4, 3)/(15, 25) done
block( 4, 4)/(15, 25) done
block( 4, 5)/(15, 25) done
block( 4, 6)/(15, 25) done
block( 4, 7)/(15, 25) done
block( 4, 8)/(15, 25) done
block( 4, 9)/(15, 25) done
block( 4,10)/(15, 25) done
block( 4,11)/(15, 25) done
block( 4,12)/(15, 25) done
block( 4,13)/(15, 25) done
block( 4,14)/(15, 25) done
block( 4,15)/(15, 25) done
block( 4,16)/(15, 25) done
block( 4,17)/(15, 25) done
block( 4,18)/(15, 25) done
block( 4,19)/(15, 25) done
block( 4,20)/(15, 25) done
block( 4,21)/(15, 25) done
block( 4,22)/(15, 25) done
block( 4,23)/(15, 25) done
block( 4,24)/(15, 25) done
block( 4,25)/(15, 25) done
block( 5, 1)/(15, 25) done
block( 5, 2)/(15, 25) done
block( 5, 3)/(15, 25) done
block( 5, 4)/(15, 25) done
block( 5, 5)/(15, 25) done
block( 5, 6)/(15, 25) done
block( 5, 7)/(15, 25) done
block( 5, 8)/(15, 25) done
block( 5, 9)/(15, 25) done
block( 5,10)/(15, 25) done
block( 5,11)/(15, 25) done
block( 5,12)/(15, 25) done
block( 5,13)/(15, 25) done
block( 5,14)/(15, 25) done
block( 5,15)/(15, 25) done
block( 5,16)/(15, 25) done
block( 5,17)/(15, 25) done
block( 5,18)/(15, 25) done
block( 5,19)/(15, 25) done
block( 5,20)/(15, 25) done
block( 5,21)/(15, 25) done
block( 5,22)/(15, 25) done
block( 5,23)/(15, 25) done
block( 5,24)/(15, 25) done
block( 5,25)/(15, 25) done
block( 6, 1)/(15, 25) done
block( 6, 2)/(15, 25) done
block( 6, 3)/(15, 25) done
block( 6, 4)/(15, 25) done
block( 6, 5)/(15, 25) done
block( 6, 6)/(15, 25) done
block( 6, 7)/(15, 25) done
block( 6, 8)/(15, 25) done
block( 6, 9)/(15, 25) done
block( 6,10)/(15, 25) done
block( 6,11)/(15, 25) done
block( 6,12)/(15, 25) done
block( 6,13)/(15, 25) done
block( 6,14)/(15, 25) done
block( 6,15)/(15, 25) done
block( 6,16)/(15, 25) done
block( 6,17)/(15, 25) done
block( 6,18)/(15, 25) done
block( 6,19)/(15, 25) done
block( 6,20)/(15, 25) done
block( 6,21)/(15, 25) done
block( 6,22)/(15, 25) done
block( 6,23)/(15, 25) done
block( 6,24)/(15, 25) done
block( 6,25)/(15, 25) done
block( 7, 1)/(15, 25) done
block( 7, 2)/(15, 25) done
block( 7, 3)/(15, 25) done
block( 7, 4)/(15, 25) done
block( 7, 5)/(15, 25) done
block( 7, 6)/(15, 25) done
block( 7, 7)/(15, 25) done
block( 7, 8)/(15, 25) done
block( 7, 9)/(15, 25) done
block( 7,10)/(15, 25) done
block( 7,11)/(15, 25) done
block( 7,12)/(15, 25) done
block( 7,13)/(15, 25) done
block( 7,14)/(15, 25) done
block( 7,15)/(15, 25) done
block( 7,16)/(15, 25) done
block( 7,17)/(15, 25) done
block( 7,18)/(15, 25) done
block( 7,19)/(15, 25) done
block( 7,20)/(15, 25) done
block( 7,21)/(15, 25) done
block( 7,22)/(15, 25) done
block( 7,23)/(15, 25) done
block( 7,24)/(15, 25) done
block( 7,25)/(15, 25) done
block( 8, 1)/(15, 25) done
block( 8, 2)/(15, 25) done
block( 8, 3)/(15, 25) done
block( 8, 4)/(15, 25) done
block( 8, 5)/(15, 25) done
block( 8, 6)/(15, 25) done
block( 8, 7)/(15, 25) done
block( 8, 8)/(15, 25) done
block( 8, 9)/(15, 25) done
block( 8,10)/(15, 25) done
block( 8,11)/(15, 25) done
block( 8,12)/(15, 25) done
block( 8,13)/(15, 25) done
block( 8,14)/(15, 25) done
block( 8,15)/(15, 25) done
block( 8,16)/(15, 25) done
block( 8,17)/(15, 25) done
block( 8,18)/(15, 25) done
block( 8,19)/(15, 25) done
block( 8,20)/(15, 25) done
block( 8,21)/(15, 25) done
block( 8,22)/(15, 25) done
block( 8,23)/(15, 25) done
block( 8,24)/(15, 25) done
block( 8,25)/(15, 25) done
block( 9, 1)/(15, 25) done
block( 9, 2)/(15, 25) done
block( 9, 3)/(15, 25) done
block( 9, 4)/(15, 25) done
block( 9, 5)/(15, 25) done
block( 9, 6)/(15, 25) done
block( 9, 7)/(15, 25) done
block( 9, 8)/(15, 25) done
block( 9, 9)/(15, 25) done
block( 9,10)/(15, 25) done
block( 9,11)/(15, 25) done
block( 9,12)/(15, 25) done
block( 9,13)/(15, 25) done
block( 9,14)/(15, 25) done
block( 9,15)/(15, 25) done
block( 9,16)/(15, 25) done
block( 9,17)/(15, 25) done
block( 9,18)/(15, 25) done
block( 9,19)/(15, 25) done
block( 9,20)/(15, 25) done
block( 9,21)/(15, 25) done
block( 9,22)/(15, 25) done
block( 9,23)/(15, 25) done
block( 9,24)/(15, 25) done
block( 9,25)/(15, 25) done
block(10, 1)/(15, 25) done
block(10, 2)/(15, 25) done
block(10, 3)/(15, 25) done
block(10, 4)/(15, 25) done
block(10, 5)/(15, 25) done
block(10, 6)/(15, 25) done
block(10, 7)/(15, 25) done
block(10, 8)/(15, 25) done
block(10, 9)/(15, 25) done
block(10,10)/(15, 25) done
block(10,11)/(15, 25) done
block(10,12)/(15, 25) done
block(10,13)/(15, 25) done
block(10,14)/(15, 25) done
block(10,15)/(15, 25) done
block(10,16)/(15, 25) done
block(10,17)/(15, 25) done
block(10,18)/(15, 25) done
block(10,19)/(15, 25) done
block(10,20)/(15, 25) done
block(10,21)/(15, 25) done
block(10,22)/(15, 25) done
block(10,23)/(15, 25) done
block(10,24)/(15, 25) done
block(10,25)/(15, 25) done
block(11, 1)/(15, 25) done
block(11, 2)/(15, 25) done
block(11, 3)/(15, 25) done
block(11, 4)/(15, 25) done
block(11, 5)/(15, 25) done
block(11, 6)/(15, 25) done
block(11, 7)/(15, 25) done
block(11, 8)/(15, 25) done
block(11, 9)/(15, 25) done
block(11,10)/(15, 25) done
block(11,11)/(15, 25) done
block(11,12)/(15, 25) done
block(11,13)/(15, 25) done
block(11,14)/(15, 25) done
block(11,15)/(15, 25) done
block(11,16)/(15, 25) done
block(11,17)/(15, 25) done
block(11,18)/(15, 25) done
block(11,19)/(15, 25) done
block(11,20)/(15, 25) done
block(11,21)/(15, 25) done
block(11,22)/(15, 25) done
block(11,23)/(15, 25) done
block(11,24)/(15, 25) done
block(11,25)/(15, 25) done
block(12, 1)/(15, 25) done
block(12, 2)/(15, 25) done
block(12, 3)/(15, 25) done
block(12, 4)/(15, 25) done
block(12, 5)/(15, 25) done
block(12, 6)/(15, 25) done
block(12, 7)/(15, 25) done
block(12, 8)/(15, 25) done
block(12, 9)/(15, 25) done
block(12,10)/(15, 25) done
block(12,11)/(15, 25) done
block(12,12)/(15, 25) done
block(12,13)/(15, 25) done
block(12,14)/(15, 25) done
block(12,15)/(15, 25) done
block(12,16)/(15, 25) done
block(12,17)/(15, 25) done
block(12,18)/(15, 25) done
block(12,19)/(15, 25) done
block(12,20)/(15, 25) done
block(12,21)/(15, 25) done
block(12,22)/(15, 25) done
block(12,23)/(15, 25) done
block(12,24)/(15, 25) done
block(12,25)/(15, 25) done
block(13, 1)/(15, 25) done
block(13, 2)/(15, 25) done
block(13, 3)/(15, 25) done
block(13, 4)/(15, 25) done
block(13, 5)/(15, 25) done
block(13, 6)/(15, 25) done
block(13, 7)/(15, 25) done
block(13, 8)/(15, 25) done
block(13, 9)/(15, 25) done
block(13,10)/(15, 25) done
block(13,11)/(15, 25) done
block(13,12)/(15, 25) done
block(13,13)/(15, 25) done
block(13,14)/(15, 25) done
block(13,15)/(15, 25) done
block(13,16)/(15, 25) done
block(13,17)/(15, 25) done
block(13,18)/(15, 25) done
block(13,19)/(15, 25) done
block(13,20)/(15, 25) done
block(13,21)/(15, 25) done
block(13,22)/(15, 25) done
block(13,23)/(15, 25) done
block(13,24)/(15, 25) done
block(13,25)/(15, 25) done
block(14, 1)/(15, 25) done
block(14, 2)/(15, 25) done
block(14, 3)/(15, 25) done
block(14, 4)/(15, 25) done
block(14, 5)/(15, 25) done
block(14, 6)/(15, 25) done
block(14, 7)/(15, 25) done
block(14, 8)/(15, 25) done
block(14, 9)/(15, 25) done
block(14,10)/(15, 25) done
block(14,11)/(15, 25) done
block(14,12)/(15, 25) done
block(14,13)/(15, 25) done
block(14,14)/(15, 25) done
block(14,15)/(15, 25) done
block(14,16)/(15, 25) done
block(14,17)/(15, 25) done
block(14,18)/(15, 25) done
block(14,19)/(15, 25) done
block(14,20)/(15, 25) done
block(14,21)/(15, 25) done
block(14,22)/(15, 25) done
block(14,23)/(15, 25) done
block(14,24)/(15, 25) done
block(14,25)/(15, 25) done
block(15, 1)/(15, 25) done
block(15, 2)/(15, 25) done
block(15, 3)/(15, 25) done
block(15, 4)/(15, 25) done
block(15, 5)/(15, 25) done
block(15, 6)/(15, 25) done
block(15, 7)/(15, 25) done
block(15, 8)/(15, 25) done
block(15, 9)/(15, 25) done
block(15,10)/(15, 25) done
block(15,11)/(15, 25) done
block(15,12)/(15, 25) done
block(15,13)/(15, 25) done
block(15,14)/(15, 25) done
block(15,15)/(15, 25) done
block(15,16)/(15, 25) done
block(15,17)/(15, 25) done
block(15,18)/(15, 25) done
block(15,19)/(15, 25) done
block(15,20)/(15, 25) done
block(15,21)/(15, 25) done
block(15,22)/(15, 25) done
block(15,23)/(15, 25) done
block(15,24)/(15, 25) done
block(15,25)/(15, 25) done
loaded 101 out of 101 frames

The data has been saved into 
/projects/p30771/miniscope/data/GRIN026/H16_M35_S34msCam1_Substack_300-400_unfiltered_rigidcorrected_source_extraction_20:03:21.604/data_61_61_29.mat

-------- Done --------
estimating the nosie level for every pixel.......
Time cost for estimating the nosie levels:  64.564 

Starting parallel pool (parpool) using the 'local' profile ...
connected to 11 workers.
Patch ( 1,  1) is done.  7 X 12 patches in total. 
Patch ( 5,  1) is done.  7 X 12 patches in total. 
Patch ( 2,  1) is done.  7 X 12 patches in total. 
Patch ( 3,  1) is done.  7 X 12 patches in total. 
Patch ( 7,  1) is done.  7 X 12 patches in total. 
Patch ( 4,  3) is done.  7 X 12 patches in total. 
Patch ( 1,  4) is done.  7 X 12 patches in total. 
Patch ( 5,  4) is done.  7 X 12 patches in total. 
Patch ( 4,  1) is done.  7 X 12 patches in total. 
Patch ( 3,  2) is done.  7 X 12 patches in total. 
Patch ( 7,  2) is done.  7 X 12 patches in total. 
Patch ( 2,  5) is done.  7 X 12 patches in total. 
Patch ( 6,  1) is done.  7 X 12 patches in total. 
Patch ( 6,  5) is done.  7 X 12 patches in total. 
Patch ( 7,  6) is done.  7 X 12 patches in total. 
Patch ( 4,  7) is done.  7 X 12 patches in total. 
Patch ( 2,  2) is done.  7 X 12 patches in total. 
Patch ( 6,  2) is done.  7 X 12 patches in total. 
Patch ( 3,  3) is done.  7 X 12 patches in total. 
Patch ( 7,  3) is done.  7 X 12 patches in total. 
Patch ( 1,  5) is done.  7 X 12 patches in total. 
Patch ( 1,  2) is done.  7 X 12 patches in total. 
Patch ( 2,  3) is done.  7 X 12 patches in total. 
Patch ( 1,  3) is done.  7 X 12 patches in total. 
Patch ( 7,  4) is done.  7 X 12 patches in total. 
Patch ( 6,  6) is done.  7 X 12 patches in total. 
Patch ( 5,  6) is done.  7 X 12 patches in total. 
Patch ( 1,  8) is done.  7 X 12 patches in total. 
Patch ( 7,  7) is done.  7 X 12 patches in total. 
Patch ( 5,  2) is done.  7 X 12 patches in total. 
Patch ( 4,  2) is done.  7 X 12 patches in total. 
Patch ( 6,  3) is done.  7 X 12 patches in total. 
Patch ( 5,  3) is done.  7 X 12 patches in total. 
Patch ( 5,  8) is done.  7 X 12 patches in total. 
Patch ( 6,  4) is done.  7 X 12 patches in total. 
Patch ( 5,  5) is done.  7 X 12 patches in total. 
Warning: File: /projects/p30771/MATLAB/CNMF_E_jjm/OASIS_matlab/packages/oasis/foopsi_oasisAR1.m Line: 166 Column: 9
Defining "h" in the nested function shares it with the parent function.  In a future release, to share "h" between parent and nested functions, explicitly define it in the parent function.
> In deconvolveCa (line 120)
Warning: File: /projects/p30771/MATLAB/CNMF_E_jjm/OASIS_matlab/packages/oasis/foopsi_oasisAR1.m Line: 166 Column: 9
Defining "h" in the nested function shares it with the parent function.  In a future release, to share "h" between parent and nested functions, explicitly define it in the parent function.
> In deconvolveCa (line 120)
Patch ( 3,  7) is done.  7 X 12 patches in total. 
Patch ( 2,  7) is done.  7 X 12 patches in total. 
Patch ( 4,  9) is done.  7 X 12 patches in total. 
Warning: File: /projects/p30771/MATLAB/CNMF_E_jjm/OASIS_matlab/packages/oasis/foopsi_oasisAR1.m Line: 166 Column: 9
Defining "h" in the nested function shares it with the parent function.  In a future release, to share "h" between parent and nested functions, explicitly define it in the parent function.
> In deconvolveCa (line 120)
Warning: File: /projects/p30771/MATLAB/CNMF_E_jjm/OASIS_matlab/packages/oasis/foopsi_oasisAR1.m Line: 166 Column: 9
Defining "h" in the nested function shares it with the parent function.  In a future release, to share "h" between parent and nested functions, explicitly define it in the parent function.
> In deconvolveCa (line 120)
Patch ( 6,  7) is done.  7 X 12 patches in total. 
Patch ( 5,  7) is done.  7 X 12 patches in total. 
Patch ( 4,  8) is done.  7 X 12 patches in total. 
Patch ( 7,  9) is done.  7 X 12 patches in total. 
Patch ( 4, 10) is done.  7 X 12 patches in total. 
Patch ( 1,  7) is done.  7 X 12 patches in total. 
  In greedyROI_endoscope (line 357)
  In parallel_function>make_general_channel/channel_general (line 917)
  In remoteParallelFunction (line 46)
Patch ( 4,  6) is done.  7 X 12 patches in total. 
Patch ( 1,  9) is done.  7 X 12 patches in total. 
Patch ( 7,  8) is done.  7 X 12 patches in total. 
Patch ( 6,  9) is done.  7 X 12 patches in total. 
  In greedyROI_endoscope (line 357)
  In parallel_function>make_general_channel/channel_general (line 917)
  In remoteParallelFunction (line 46)
Patch ( 4,  4) is done.  7 X 12 patches in total. 
Patch ( 3,  4) is done.  7 X 12 patches in total. 
Patch ( 3, 10) is done.  7 X 12 patches in total. 
  In greedyROI_endoscope (line 357)
  In parallel_function>make_general_channel/channel_general (line 917)
  In remoteParallelFunction (line 46)
Patch ( 3,  6) is done.  7 X 12 patches in total. 
Patch ( 2,  6) is done.  7 X 12 patches in total. 
Patch ( 6,  8) is done.  7 X 12 patches in total. 
Patch ( 5, 11) is done.  7 X 12 patches in total. 
Patch ( 3,  9) is done.  7 X 12 patches in total. 
Patch ( 2,  9) is done.  7 X 12 patches in total. 
  In greedyROI_endoscope (line 357)
  In parallel_function>make_general_channel/channel_general (line 917)
  In remoteParallelFunction (line 46)
Patch ( 4,  5) is done.  7 X 12 patches in total. 
Patch ( 3,  5) is done.  7 X 12 patches in total. 
Patch ( 4, 11) is done.  7 X 12 patches in total. 
Patch ( 2,  4) is done.  7 X 12 patches in total. 
Patch ( 3,  8) is done.  7 X 12 patches in total. 
Patch ( 2,  8) is done.  7 X 12 patches in total. 
Patch ( 3, 12) is done.  7 X 12 patches in total. 
Patch ( 5,  9) is done.  7 X 12 patches in total. 
Patch ( 1, 12) is done.  7 X 12 patches in total. 
Patch ( 4, 12) is done.  7 X 12 patches in total. 
Patch ( 3, 11) is done.  7 X 12 patches in total. 
Patch ( 2, 11) is done.  7 X 12 patches in total. 
Patch ( 5, 12) is done.  7 X 12 patches in total. 
Patch ( 7, 11) is done.  7 X 12 patches in total. 
Patch ( 6, 11) is done.  7 X 12 patches in total. 
Patch ( 7, 12) is done.  7 X 12 patches in total. 
Patch ( 2, 12) is done.  7 X 12 patches in total. 
Patch ( 1,  6) is done.  7 X 12 patches in total. 
Patch ( 7,  5) is done.  7 X 12 patches in total. 
Patch ( 6, 10) is done.  7 X 12 patches in total. 
Patch ( 5, 10) is done.  7 X 12 patches in total. 
Patch ( 6, 12) is done.  7 X 12 patches in total. 
Patch ( 2, 10) is done.  7 X 12 patches in total. 
Patch ( 1, 10) is done.  7 X 12 patches in total. 
Patch ( 1, 11) is done.  7 X 12 patches in total. 
Patch ( 7, 10) is done.  7 X 12 patches in total. 

-----------------UPDATE BACKGROUND---------------------------
Patch ( 1,  1) is done.  7 X 12 patches in total. 
Patch ( 2,  1) is done.  7 X 12 patches in total. 
Patch ( 5,  1) is done.  7 X 12 patches in total. 
Patch ( 3,  1) is done.  7 X 12 patches in total. 
Patch ( 1,  4) is done.  7 X 12 patches in total. 
Patch ( 3,  2) is done.  7 X 12 patches in total. 
Patch ( 4,  3) is done.  7 X 12 patches in total. 
Patch ( 5,  4) is done.  7 X 12 patches in total. 
Patch ( 2,  5) is done.  7 X 12 patches in total. 
Patch ( 6,  5) is done.  7 X 12 patches in total. 
Patch ( 4,  1) is done.  7 X 12 patches in total. 
Patch ( 7,  1) is done.  7 X 12 patches in total. 
Patch ( 3,  6) is done.  7 X 12 patches in total. 
Patch ( 7,  2) is done.  7 X 12 patches in total. 
Patch ( 3,  3) is done.  7 X 12 patches in total. 
Patch ( 4,  4) is done.  7 X 12 patches in total. 
Patch ( 1,  5) is done.  7 X 12 patches in total. 
Patch ( 2,  2) is done.  7 X 12 patches in total. 
Patch ( 6,  1) is done.  7 X 12 patches in total. 
Patch ( 5,  5) is done.  7 X 12 patches in total. 
Patch ( 7,  6) is done.  7 X 12 patches in total. 
Patch ( 4,  7) is done.  7 X 12 patches in total. 
Patch ( 6,  2) is done.  7 X 12 patches in total. 
Patch ( 2,  3) is done.  7 X 12 patches in total. 
Patch ( 7,  3) is done.  7 X 12 patches in total. 
Patch ( 3,  4) is done.  7 X 12 patches in total. 
Patch ( 2,  6) is done.  7 X 12 patches in total. 
Patch ( 1,  2) is done.  7 X 12 patches in total. 
Patch ( 1,  8) is done.  7 X 12 patches in total. 
Patch ( 4,  5) is done.  7 X 12 patches in total. 
Patch ( 6,  6) is done.  7 X 12 patches in total. 
Patch ( 3,  7) is done.  7 X 12 patches in total. 
Patch ( 1,  3) is done.  7 X 12 patches in total. 
Patch ( 6,  3) is done.  7 X 12 patches in total. 
Patch ( 7,  4) is done.  7 X 12 patches in total. 
Patch ( 1,  6) is done.  7 X 12 patches in total. 
Patch ( 5,  2) is done.  7 X 12 patches in total. 
Patch ( 2,  4) is done.  7 X 12 patches in total. 
Patch ( 5,  8) is done.  7 X 12 patches in total. 
Patch ( 3,  5) is done.  7 X 12 patches in total. 
Patch ( 5,  6) is done.  7 X 12 patches in total. 
Patch ( 5,  3) is done.  7 X 12 patches in total. 
Patch ( 6,  4) is done.  7 X 12 patches in total. 
Patch ( 2,  7) is done.  7 X 12 patches in total. 
Patch ( 4,  2) is done.  7 X 12 patches in total. 
Patch ( 4,  9) is done.  7 X 12 patches in total. 
Patch ( 2, 10) is done.  7 X 12 patches in total. 
Patch ( 4,  6) is done.  7 X 12 patches in total. 
Patch ( 7,  7) is done.  7 X 12 patches in total. 
Patch ( 4,  8) is done.  7 X 12 patches in total. 
Patch ( 1,  7) is done.  7 X 12 patches in total. 
Patch ( 1,  9) is done.  7 X 12 patches in total. 
Patch ( 6, 10) is done.  7 X 12 patches in total. 
Patch ( 3,  9) is done.  7 X 12 patches in total. 
Patch ( 1, 10) is done.  7 X 12 patches in total. 
Patch ( 4, 10) is done.  7 X 12 patches in total. 
Patch ( 7,  5) is done.  7 X 12 patches in total. 
Patch ( 6,  7) is done.  7 X 12 patches in total. 
Patch ( 3,  8) is done.  7 X 12 patches in total. 
Patch ( 1, 12) is done.  7 X 12 patches in total. 
Patch ( 3, 11) is done.  7 X 12 patches in total. 
Patch ( 4, 11) is done.  7 X 12 patches in total. 
Patch ( 3, 10) is done.  7 X 12 patches in total. 
Patch ( 5, 10) is done.  7 X 12 patches in total. 
Patch ( 2,  9) is done.  7 X 12 patches in total. 
Patch ( 7,  9) is done.  7 X 12 patches in total. 
Patch ( 1, 11) is done.  7 X 12 patches in total. 
Patch ( 5,  7) is done.  7 X 12 patches in total. 
Patch ( 2,  8) is done.  7 X 12 patches in total. 
Patch ( 2, 11) is done.  7 X 12 patches in total. 
Patch ( 7,  8) is done.  7 X 12 patches in total. 
Patch ( 2, 12) is done.  7 X 12 patches in total. 
Patch ( 4, 12) is done.  7 X 12 patches in total. 
Patch ( 6,  9) is done.  7 X 12 patches in total. 
Patch ( 7, 12) is done.  7 X 12 patches in total. 
Patch ( 6, 11) is done.  7 X 12 patches in total. 
Patch ( 5, 11) is done.  7 X 12 patches in total. 
Patch ( 6, 12) is done.  7 X 12 patches in total. 
Patch ( 6,  8) is done.  7 X 12 patches in total. 
Patch ( 7, 11) is done.  7 X 12 patches in total. 
Patch ( 5,  9) is done.  7 X 12 patches in total. 
Patch ( 7, 10) is done.  7 X 12 patches in total. 
Patch ( 5, 12) is done.  7 X 12 patches in total. 
Patch ( 3, 12) is done.  7 X 12 patches in total. 
Finished updating background using ring model.
-------------MERGE HIGHLY CORRELATED CLOSE-BY NEURONS----------

All pairs of neurons are below the merging criterion!

-------------MERGE HIGHLY CORRELATED NEURONS----------

All pairs of neurons are below the merging criterion!


-----------------UPDATE SPATIAL---------------------------
Patch ( 1,  1) is done.  7 X 12 patches in total. 
Patch ( 3,  1) is done.  7 X 12 patches in total. 
Patch ( 2,  1) is done.  7 X 12 patches in total. 
Patch ( 5,  1) is done.  7 X 12 patches in total. 
Patch ( 6,  5) is done.  7 X 12 patches in total. 
Patch ( 7,  1) is done.  7 X 12 patches in total. 
Patch ( 3,  2) is done.  7 X 12 patches in total. 
Patch ( 7,  2) is done.  7 X 12 patches in total. 
Patch ( 4,  3) is done.  7 X 12 patches in total. 
Patch ( 1,  4) is done.  7 X 12 patches in total. 
Patch ( 5,  4) is done.  7 X 12 patches in total. 
Patch ( 2,  5) is done.  7 X 12 patches in total. 
Patch ( 4,  1) is done.  7 X 12 patches in total. 
Patch ( 3,  6) is done.  7 X 12 patches in total. 
Patch ( 6,  1) is done.  7 X 12 patches in total. 
Patch ( 3,  3) is done.  7 X 12 patches in total. 
Patch ( 7,  6) is done.  7 X 12 patches in total. 
Patch ( 4,  7) is done.  7 X 12 patches in total. 
Patch ( 2,  2) is done.  7 X 12 patches in total. 
Patch ( 1,  2) is done.  7 X 12 patches in total. 
Patch ( 7,  3) is done.  7 X 12 patches in total. 
Patch ( 4,  4) is done.  7 X 12 patches in total. 
Patch ( 3,  4) is done.  7 X 12 patches in total. 
Patch ( 5,  5) is done.  7 X 12 patches in total. 
Patch ( 4,  5) is done.  7 X 12 patches in total. 
Patch ( 2,  6) is done.  7 X 12 patches in total. 
Patch ( 1,  6) is done.  7 X 12 patches in total. 
Patch ( 6,  2) is done.  7 X 12 patches in total. 
Patch ( 5,  2) is done.  7 X 12 patches in total. 
Patch ( 2,  3) is done.  7 X 12 patches in total. 
Patch ( 2,  4) is done.  7 X 12 patches in total. 
Patch ( 1,  5) is done.  7 X 12 patches in total. 
Patch ( 7,  4) is done.  7 X 12 patches in total. 
Patch ( 1,  3) is done.  7 X 12 patches in total. 
Patch ( 6,  6) is done.  7 X 12 patches in total. 
Patch ( 5,  6) is done.  7 X 12 patches in total. 
Patch ( 4,  2) is done.  7 X 12 patches in total. 
Patch ( 6,  3) is done.  7 X 12 patches in total. 
Patch ( 5,  3) is done.  7 X 12 patches in total. 
Patch ( 5,  8) is done.  7 X 12 patches in total. 
Patch ( 6,  4) is done.  7 X 12 patches in total. 
Patch ( 3,  5) is done.  7 X 12 patches in total. 
Patch ( 1,  8) is done.  7 X 12 patches in total. 
Patch ( 7,  7) is done.  7 X 12 patches in total. 
Patch ( 7,  5) is done.  7 X 12 patches in total. 
Patch ( 4,  6) is done.  7 X 12 patches in total. 
Patch ( 3,  7) is done.  7 X 12 patches in total. 
Patch ( 2,  7) is done.  7 X 12 patches in total. 
Patch ( 1,  7) is done.  7 X 12 patches in total. 
Patch ( 7,  9) is done.  7 X 12 patches in total. 
Patch ( 2, 10) is done.  7 X 12 patches in total. 
Patch ( 1, 10) is done.  7 X 12 patches in total. 
Patch ( 4, 10) is done.  7 X 12 patches in total. 
Patch ( 4,  9) is done.  7 X 12 patches in total. 
Patch ( 3,  9) is done.  7 X 12 patches in total. 
Patch ( 6,  7) is done.  7 X 12 patches in total. 
Patch ( 5,  7) is done.  7 X 12 patches in total. 
Patch ( 4,  8) is done.  7 X 12 patches in total. 
Patch ( 3,  8) is done.  7 X 12 patches in total. 
Patch ( 1,  9) is done.  7 X 12 patches in total. 
Patch ( 7,  8) is done.  7 X 12 patches in total. 
Patch ( 3, 10) is done.  7 X 12 patches in total. 
Patch ( 6, 10) is done.  7 X 12 patches in total. 
Patch ( 5, 10) is done.  7 X 12 patches in total. 
Patch ( 2,  9) is done.  7 X 12 patches in total. 
Patch ( 4, 11) is done.  7 X 12 patches in total. 
Patch ( 3, 11) is done.  7 X 12 patches in total. 
Patch ( 2, 11) is done.  7 X 12 patches in total. 
Patch ( 7, 11) is done.  7 X 12 patches in total. 
Patch ( 6,  8) is done.  7 X 12 patches in total. 
Patch ( 5, 12) is done.  7 X 12 patches in total. 
Patch ( 5, 11) is done.  7 X 12 patches in total. 
Patch ( 2,  8) is done.  7 X 12 patches in total. 
Patch ( 1, 11) is done.  7 X 12 patches in total. 
Patch ( 7, 10) is done.  7 X 12 patches in total. 
Patch ( 6,  9) is done.  7 X 12 patches in total. 
Patch ( 5,  9) is done.  7 X 12 patches in total. 
Patch ( 1, 12) is done.  7 X 12 patches in total. 
Patch ( 4, 12) is done.  7 X 12 patches in total. 
Patch ( 7, 12) is done.  7 X 12 patches in total. 
Patch ( 2, 12) is done.  7 X 12 patches in total. 
Patch ( 6, 12) is done.  7 X 12 patches in total. 
Patch ( 6, 11) is done.  7 X 12 patches in total. 
Patch ( 3, 12) is done.  7 X 12 patches in total. 
Collect results from all small patches...
Post-process spatial components of all neurons...
Done!
Done!
Update the constant baselines for all pixels..
Done!
-------------MERGE HIGHLY CORRELATED NEURONS----------

All pairs of neurons are below the merging criterion!


-----------------UPDATE TEMPORAL---------------------------
Patch ( 1,  1) is done.  7 X 12 patches in total. 
Patch ( 2,  1) is done.  7 X 12 patches in total. 
Patch ( 3,  1) is done.  7 X 12 patches in total. 
Patch ( 5,  1) is done.  7 X 12 patches in total. 
Patch ( 4,  1) is done.  7 X 12 patches in total. 
Patch ( 4,  7) is done.  7 X 12 patches in total. 
Patch ( 3,  7) is done.  7 X 12 patches in total. 
Patch ( 2,  7) is done.  7 X 12 patches in total. 
Patch ( 1,  7) is done.  7 X 12 patches in total. 
Patch ( 2, 10) is done.  7 X 12 patches in total. 
Patch ( 1, 10) is done.  7 X 12 patches in total. 
Patch ( 3, 12) is done.  7 X 12 patches in total. 
Patch ( 7,  1) is done.  7 X 12 patches in total. 
Patch ( 6,  1) is done.  7 X 12 patches in total. 
Patch ( 1,  8) is done.  7 X 12 patches in total. 
Patch ( 7,  7) is done.  7 X 12 patches in total. 
Patch ( 6,  7) is done.  7 X 12 patches in total. 
Patch ( 5,  7) is done.  7 X 12 patches in total. 
Patch ( 5, 11) is done.  7 X 12 patches in total. 
Patch ( 4, 12) is done.  7 X 12 patches in total. 
Patch ( 3,  2) is done.  7 X 12 patches in total. 
Patch ( 2,  2) is done.  7 X 12 patches in total. 
Patch ( 1,  2) is done.  7 X 12 patches in total. 
Patch ( 5,  8) is done.  7 X 12 patches in total. 
Patch ( 4,  8) is done.  7 X 12 patches in total. 
Patch ( 3,  8) is done.  7 X 12 patches in total. 
Patch ( 2,  8) is done.  7 X 12 patches in total. 
Patch ( 6, 11) is done.  7 X 12 patches in total. 
Patch ( 5, 12) is done.  7 X 12 patches in total. 
Patch ( 7,  2) is done.  7 X 12 patches in total. 
Patch ( 6,  2) is done.  7 X 12 patches in total. 
Patch ( 5,  2) is done.  7 X 12 patches in total. 
Patch ( 4,  2) is done.  7 X 12 patches in total. 
Patch ( 1,  9) is done.  7 X 12 patches in total. 
Patch ( 7,  8) is done.  7 X 12 patches in total. 
Patch ( 6,  8) is done.  7 X 12 patches in total. 
Patch ( 7, 11) is done.  7 X 12 patches in total. 
Patch ( 4,  3) is done.  7 X 12 patches in total. 
Patch ( 3,  3) is done.  7 X 12 patches in total. 
Patch ( 2,  3) is done.  7 X 12 patches in total. 
Patch ( 1,  3) is done.  7 X 12 patches in total. 
Patch ( 4,  9) is done.  7 X 12 patches in total. 
Patch ( 3,  9) is done.  7 X 12 patches in total. 
Patch ( 2,  9) is done.  7 X 12 patches in total. 
Patch ( 1, 12) is done.  7 X 12 patches in total. 
Patch ( 1,  4) is done.  7 X 12 patches in total. 
Patch ( 7,  3) is done.  7 X 12 patches in total. 
Patch ( 6,  3) is done.  7 X 12 patches in total. 
Patch ( 5,  3) is done.  7 X 12 patches in total. 
Patch ( 7,  9) is done.  7 X 12 patches in total. 
Patch ( 6,  9) is done.  7 X 12 patches in total. 
Patch ( 5,  9) is done.  7 X 12 patches in total. 
Patch ( 2, 12) is done.  7 X 12 patches in total. 
Patch ( 6, 12) is done.  7 X 12 patches in total. 
Patch ( 7, 12) is done.  7 X 12 patches in total. 
Patch ( 7,  6) is done.  7 X 12 patches in total. 
Patch ( 6,  6) is done.  7 X 12 patches in total. 
Patch ( 5,  6) is done.  7 X 12 patches in total. 
Patch ( 4,  6) is done.  7 X 12 patches in total. 
Patch ( 5,  4) is done.  7 X 12 patches in total. 
Patch ( 4, 11) is done.  7 X 12 patches in total. 
Patch ( 2,  5) is done.  7 X 12 patches in total. 
Patch ( 1,  5) is done.  7 X 12 patches in total. 
Patch ( 7,  4) is done.  7 X 12 patches in total. 
Patch ( 6,  4) is done.  7 X 12 patches in total. 
Patch ( 6, 10) is done.  7 X 12 patches in total. 
Patch ( 5, 10) is done.  7 X 12 patches in total. 
Patch ( 6,  5) is done.  7 X 12 patches in total. 
Patch ( 5,  5) is done.  7 X 12 patches in total. 
Patch ( 4,  5) is done.  7 X 12 patches in total. 
Patch ( 3,  6) is done.  7 X 12 patches in total. 
Patch ( 2,  6) is done.  7 X 12 patches in total. 
Patch ( 1,  6) is done.  7 X 12 patches in total. 
Patch ( 7,  5) is done.  7 X 12 patches in total. 
Patch ( 3, 11) is done.  7 X 12 patches in total. 
Patch ( 2, 11) is done.  7 X 12 patches in total. 
Patch ( 4,  4) is done.  7 X 12 patches in total. 
Patch ( 3,  4) is done.  7 X 12 patches in total. 
Patch ( 2,  4) is done.  7 X 12 patches in total. 
Patch ( 4, 10) is done.  7 X 12 patches in total. 
Patch ( 3, 10) is done.  7 X 12 patches in total. 
Patch ( 3,  5) is done.  7 X 12 patches in total. 
Patch ( 1, 11) is done.  7 X 12 patches in total. 
Patch ( 7, 10) is done.  7 X 12 patches in total. 
Collect results from all small patches...
Deconvolve and denoise all temporal traces again...
|||
Warning: File: /projects/p30771/MATLAB/CNMF_E_jjm/OASIS_matlab/packages/oasis/foopsi_oasisAR1.m Line: 166 Column: 9
Defining "h" in the nested function shares it with the parent function.  In a future release, to share "h" between parent and nested functions, explicitly define it in the parent function.
> In deconvolveCa (line 120)
Warning: File: /projects/p30771/MATLAB/CNMF_E_jjm/OASIS_matlab/packages/oasis/foopsi_oasisAR1.m Line: 166 Column: 9
Defining "h" in the nested function shares it with the parent function.  In a future release, to share "h" between parent and nested functions, explicitly define it in the parent function.
> In deconvolveCa (line 120)
  In parallel_function>make_general_channel/channel_general (line 917)
  In remoteParallelFunction (line 46)
.
  In parallel_function>make_general_channel/channel_general (line 917)
  In remoteParallelFunction (line 46)
.
.

Done!
Update the constant baselines for all pixels..
Done!
all components are good 
-------------MERGE HIGHLY CORRELATED CLOSE-BY NEURONS----------

All pairs of neurons are below the merging criterion!


-----------------UPDATE TEMPORAL---------------------------
Patch ( 1,  1) is done.  7 X 12 patches in total. 
Patch ( 2,  1) is done.  7 X 12 patches in total. 
Patch ( 3,  1) is done.  7 X 12 patches in total. 
Patch ( 5,  1) is done.  7 X 12 patches in total. 
Patch ( 4,  1) is done.  7 X 12 patches in total. 
Patch ( 4,  7) is done.  7 X 12 patches in total. 
Patch ( 3,  7) is done.  7 X 12 patches in total. 
Patch ( 2,  7) is done.  7 X 12 patches in total. 
Patch ( 1,  7) is done.  7 X 12 patches in total. 
Patch ( 2, 10) is done.  7 X 12 patches in total. 
Patch ( 1, 10) is done.  7 X 12 patches in total. 
Patch ( 3, 12) is done.  7 X 12 patches in total. 
Patch ( 7,  1) is done.  7 X 12 patches in total. 
Patch ( 6,  1) is done.  7 X 12 patches in total. 
Patch ( 1,  8) is done.  7 X 12 patches in total. 
Patch ( 7,  7) is done.  7 X 12 patches in total. 
Patch ( 6,  7) is done.  7 X 12 patches in total. 
Patch ( 5,  7) is done.  7 X 12 patches in total. 
Patch ( 4, 10) is done.  7 X 12 patches in total. 
Patch ( 3, 10) is done.  7 X 12 patches in total. 
Patch ( 4, 12) is done.  7 X 12 patches in total. 
Patch ( 3,  2) is done.  7 X 12 patches in total. 
Patch ( 2,  2) is done.  7 X 12 patches in total. 
Patch ( 1,  2) is done.  7 X 12 patches in total. 
Patch ( 5,  8) is done.  7 X 12 patches in total. 
Patch ( 4,  8) is done.  7 X 12 patches in total. 
Patch ( 3,  8) is done.  7 X 12 patches in total. 
Patch ( 2,  8) is done.  7 X 12 patches in total. 
Patch ( 6, 10) is done.  7 X 12 patches in total. 
Patch ( 5, 10) is done.  7 X 12 patches in total. 
Patch ( 5, 12) is done.  7 X 12 patches in total. 
Patch ( 7,  2) is done.  7 X 12 patches in total. 
Patch ( 6,  2) is done.  7 X 12 patches in total. 
Patch ( 5,  2) is done.  7 X 12 patches in total. 
Patch ( 4,  2) is done.  7 X 12 patches in total. 
Patch ( 1,  9) is done.  7 X 12 patches in total. 
Patch ( 7,  8) is done.  7 X 12 patches in total. 
Patch ( 6,  8) is done.  7 X 12 patches in total. 
Patch ( 1, 11) is done.  7 X 12 patches in total. 
Patch ( 7, 10) is done.  7 X 12 patches in total. 
Patch ( 6, 12) is done.  7 X 12 patches in total. 
Patch ( 4,  3) is done.  7 X 12 patches in total. 
Patch ( 3,  3) is done.  7 X 12 patches in total. 
Patch ( 2,  3) is done.  7 X 12 patches in total. 
Patch ( 1,  3) is done.  7 X 12 patches in total. 
Patch ( 4,  9) is done.  7 X 12 patches in total. 
Patch ( 3,  9) is done.  7 X 12 patches in total. 
Patch ( 2,  9) is done.  7 X 12 patches in total. 
Patch ( 3, 11) is done.  7 X 12 patches in total. 
Patch ( 2, 11) is done.  7 X 12 patches in total. 
Patch ( 7, 12) is done.  7 X 12 patches in total. 
Patch ( 1,  4) is done.  7 X 12 patches in total. 
Patch ( 7,  3) is done.  7 X 12 patches in total. 
Patch ( 6,  3) is done.  7 X 12 patches in total. 
Patch ( 5,  3) is done.  7 X 12 patches in total. 
Patch ( 7,  9) is done.  7 X 12 patches in total. 
Patch ( 6,  9) is done.  7 X 12 patches in total. 
Patch ( 5,  9) is done.  7 X 12 patches in total. 
Patch ( 4, 11) is done.  7 X 12 patches in total. 
Patch ( 2,  5) is done.  7 X 12 patches in total. 
Patch ( 1,  5) is done.  7 X 12 patches in total. 
Patch ( 7,  4) is done.  7 X 12 patches in total. 
Patch ( 6,  4) is done.  7 X 12 patches in total. 
Patch ( 7,  6) is done.  7 X 12 patches in total. 
Patch ( 6,  6) is done.  7 X 12 patches in total. 
Patch ( 5,  6) is done.  7 X 12 patches in total. 
Patch ( 4,  6) is done.  7 X 12 patches in total. 
Patch ( 6, 11) is done.  7 X 12 patches in total. 
Patch ( 2, 12) is done.  7 X 12 patches in total. 
Patch ( 6,  5) is done.  7 X 12 patches in total. 
Patch ( 5,  5) is done.  7 X 12 patches in total. 
Patch ( 4,  5) is done.  7 X 12 patches in total. 
Patch ( 3,  6) is done.  7 X 12 patches in total. 
Patch ( 2,  6) is done.  7 X 12 patches in total. 
Patch ( 1,  6) is done.  7 X 12 patches in total. 
Patch ( 7,  5) is done.  7 X 12 patches in total. 
Patch ( 5,  4) is done.  7 X 12 patches in total. 
Patch ( 1, 12) is done.  7 X 12 patches in total. 
Patch ( 4,  4) is done.  7 X 12 patches in total. 
Patch ( 3,  4) is done.  7 X 12 patches in total. 
Patch ( 2,  4) is done.  7 X 12 patches in total. 
Patch ( 5, 11) is done.  7 X 12 patches in total. 
Patch ( 3,  5) is done.  7 X 12 patches in total. 
Patch ( 7, 11) is done.  7 X 12 patches in total. 
Collect results from all small patches...
Deconvolve and denoise all temporal traces again...
|||
.
.
.

Done!
Update the constant baselines for all pixels..
Done!
all components are good 
-------------MERGE HIGHLY CORRELATED CLOSE-BY NEURONS----------

All pairs of neurons are below the merging criterion!


-----------------UPDATE BACKGROUND---------------------------
Patch ( 1,  1) is done.  7 X 12 patches in total. 
Patch ( 2,  1) is done.  7 X 12 patches in total. 
Patch ( 3,  1) is done.  7 X 12 patches in total. 
Patch ( 5,  1) is done.  7 X 12 patches in total. 
Patch ( 4,  1) is done.  7 X 12 patches in total. 
Patch ( 4,  7) is done.  7 X 12 patches in total. 
Patch ( 3,  7) is done.  7 X 12 patches in total. 
Patch ( 2,  7) is done.  7 X 12 patches in total. 
Patch ( 1,  7) is done.  7 X 12 patches in total. 
Patch ( 2, 10) is done.  7 X 12 patches in total. 
Patch ( 1, 10) is done.  7 X 12 patches in total. 
Patch ( 7,  1) is done.  7 X 12 patches in total. 
Patch ( 6,  1) is done.  7 X 12 patches in total. 
Patch ( 1,  8) is done.  7 X 12 patches in total. 
Patch ( 7,  7) is done.  7 X 12 patches in total. 
Patch ( 6,  7) is done.  7 X 12 patches in total. 
Patch ( 5,  7) is done.  7 X 12 patches in total. 
Patch ( 4, 10) is done.  7 X 12 patches in total. 
Patch ( 3, 10) is done.  7 X 12 patches in total. 
Patch ( 3,  2) is done.  7 X 12 patches in total. 
Patch ( 2,  2) is done.  7 X 12 patches in total. 
Patch ( 1,  2) is done.  7 X 12 patches in total. 
Patch ( 5,  8) is done.  7 X 12 patches in total. 
Patch ( 4,  8) is done.  7 X 12 patches in total. 
Patch ( 3,  8) is done.  7 X 12 patches in total. 
Patch ( 2,  8) is done.  7 X 12 patches in total. 
Patch ( 6, 10) is done.  7 X 12 patches in total. 
Patch ( 5, 10) is done.  7 X 12 patches in total. 
Patch ( 7,  2) is done.  7 X 12 patches in total. 
Patch ( 6,  2) is done.  7 X 12 patches in total. 
Patch ( 5,  2) is done.  7 X 12 patches in total. 
Patch ( 4,  2) is done.  7 X 12 patches in total. 
Patch ( 1,  9) is done.  7 X 12 patches in total. 
Patch ( 7,  8) is done.  7 X 12 patches in total. 
Patch ( 6,  8) is done.  7 X 12 patches in total. 
Patch ( 4,  3) is done.  7 X 12 patches in total. 
Patch ( 3,  3) is done.  7 X 12 patches in total. 
Patch ( 2,  3) is done.  7 X 12 patches in total. 
Patch ( 1,  3) is done.  7 X 12 patches in total. 
Patch ( 4,  9) is done.  7 X 12 patches in total. 
Patch ( 3,  9) is done.  7 X 12 patches in total. 
Patch ( 2,  9) is done.  7 X 12 patches in total. 
Patch ( 3, 11) is done.  7 X 12 patches in total. 
Patch ( 2, 11) is done.  7 X 12 patches in total. 
Patch ( 1,  4) is done.  7 X 12 patches in total. 
Patch ( 7,  3) is done.  7 X 12 patches in total. 
Patch ( 6,  3) is done.  7 X 12 patches in total. 
Patch ( 5,  3) is done.  7 X 12 patches in total. 
Patch ( 7,  9) is done.  7 X 12 patches in total. 
Patch ( 6,  9) is done.  7 X 12 patches in total. 
Patch ( 5,  9) is done.  7 X 12 patches in total. 
Patch ( 1, 11) is done.  7 X 12 patches in total. 
Patch ( 7, 10) is done.  7 X 12 patches in total. 
Patch ( 2, 12) is done.  7 X 12 patches in total. 
Patch ( 1, 12) is done.  7 X 12 patches in total. 
Patch ( 5, 11) is done.  7 X 12 patches in total. 
Patch ( 4, 12) is done.  7 X 12 patches in total. 
Patch ( 6, 11) is done.  7 X 12 patches in total. 
Patch ( 7, 12) is done.  7 X 12 patches in total. 
Patch ( 7,  6) is done.  7 X 12 patches in total. 
Patch ( 6,  6) is done.  7 X 12 patches in total. 
Patch ( 5,  6) is done.  7 X 12 patches in total. 
Patch ( 4,  6) is done.  7 X 12 patches in total. 
Patch ( 6, 12) is done.  7 X 12 patches in total. 
Patch ( 5,  4) is done.  7 X 12 patches in total. 
Patch ( 2,  5) is done.  7 X 12 patches in total. 
Patch ( 1,  5) is done.  7 X 12 patches in total. 
Patch ( 7,  4) is done.  7 X 12 patches in total. 
Patch ( 6,  4) is done.  7 X 12 patches in total. 
Patch ( 7, 11) is done.  7 X 12 patches in total. 
Patch ( 3,  6) is done.  7 X 12 patches in total. 
Patch ( 6,  5) is done.  7 X 12 patches in total. 
Patch ( 5,  5) is done.  7 X 12 patches in total. 
Patch ( 4,  5) is done.  7 X 12 patches in total. 
Patch ( 2,  6) is done.  7 X 12 patches in total. 
Patch ( 1,  6) is done.  7 X 12 patches in total. 
Patch ( 7,  5) is done.  7 X 12 patches in total. 
Patch ( 4,  4) is done.  7 X 12 patches in total. 
Patch ( 5, 12) is done.  7 X 12 patches in total. 
Patch ( 3,  4) is done.  7 X 12 patches in total. 
Patch ( 2,  4) is done.  7 X 12 patches in total. 
Patch ( 4, 11) is done.  7 X 12 patches in total. 
Patch ( 3,  5) is done.  7 X 12 patches in total. 
Patch ( 3, 12) is done.  7 X 12 patches in total. 
Finished updating background using ring model.

-----------------UPDATE SPATIAL---------------------------
Patch ( 1,  1) is done.  7 X 12 patches in total. 
Patch ( 2,  1) is done.  7 X 12 patches in total. 
Patch ( 3,  1) is done.  7 X 12 patches in total. 
Patch ( 7,  6) is done.  7 X 12 patches in total. 
Patch ( 6,  6) is done.  7 X 12 patches in total. 
Patch ( 5,  6) is done.  7 X 12 patches in total. 
Patch ( 4,  6) is done.  7 X 12 patches in total. 
Patch ( 4, 10) is done.  7 X 12 patches in total. 
Patch ( 3, 10) is done.  7 X 12 patches in total. 
Patch ( 4, 12) is done.  7 X 12 patches in total. 
Patch ( 5,  1) is done.  7 X 12 patches in total. 
Patch ( 4,  1) is done.  7 X 12 patches in total. 
Patch ( 4,  7) is done.  7 X 12 patches in total. 
Patch ( 3,  7) is done.  7 X 12 patches in total. 
Patch ( 2,  7) is done.  7 X 12 patches in total. 
Patch ( 1,  7) is done.  7 X 12 patches in total. 
Patch ( 7, 11) is done.  7 X 12 patches in total. 
Patch ( 7,  1) is done.  7 X 12 patches in total. 
Patch ( 6,  1) is done.  7 X 12 patches in total. 
Patch ( 1,  8) is done.  7 X 12 patches in total. 
Patch ( 7,  7) is done.  7 X 12 patches in total. 
Patch ( 6,  7) is done.  7 X 12 patches in total. 
Patch ( 5,  7) is done.  7 X 12 patches in total. 
Patch ( 2, 12) is done.  7 X 12 patches in total. 
Patch ( 3,  2) is done.  7 X 12 patches in total. 
Patch ( 2,  2) is done.  7 X 12 patches in total. 
Patch ( 1,  2) is done.  7 X 12 patches in total. 
Patch ( 5,  8) is done.  7 X 12 patches in total. 
Patch ( 4,  8) is done.  7 X 12 patches in total. 
Patch ( 3,  8) is done.  7 X 12 patches in total. 
Patch ( 2,  8) is done.  7 X 12 patches in total. 
Patch ( 6, 10) is done.  7 X 12 patches in total. 
Patch ( 5, 10) is done.  7 X 12 patches in total. 
Patch ( 7,  2) is done.  7 X 12 patches in total. 
Patch ( 6,  2) is done.  7 X 12 patches in total. 
Patch ( 5,  2) is done.  7 X 12 patches in total. 
Patch ( 4,  2) is done.  7 X 12 patches in total. 
Patch ( 1,  9) is done.  7 X 12 patches in total. 
Patch ( 7,  8) is done.  7 X 12 patches in total. 
Patch ( 6,  8) is done.  7 X 12 patches in total. 
Patch ( 1, 11) is done.  7 X 12 patches in total. 
Patch ( 7, 10) is done.  7 X 12 patches in total. 
Patch ( 4,  3) is done.  7 X 12 patches in total. 
Patch ( 3,  3) is done.  7 X 12 patches in total. 
Patch ( 2,  3) is done.  7 X 12 patches in total. 
Patch ( 1,  3) is done.  7 X 12 patches in total. 
Patch ( 4,  9) is done.  7 X 12 patches in total. 
Patch ( 3,  9) is done.  7 X 12 patches in total. 
Patch ( 2,  9) is done.  7 X 12 patches in total. 
Patch ( 3, 11) is done.  7 X 12 patches in total. 
Patch ( 2, 11) is done.  7 X 12 patches in total. 
Patch ( 1,  4) is done.  7 X 12 patches in total. 
Patch ( 7,  3) is done.  7 X 12 patches in total. 
Patch ( 6,  3) is done.  7 X 12 patches in total. 
Patch ( 5,  3) is done.  7 X 12 patches in total. 
Patch ( 7,  9) is done.  7 X 12 patches in total. 
Patch ( 6,  9) is done.  7 X 12 patches in total. 
Patch ( 5,  9) is done.  7 X 12 patches in total. 
Patch ( 5, 11) is done.  7 X 12 patches in total. 
Patch ( 5,  4) is done.  7 X 12 patches in total. 
Patch ( 2,  5) is done.  7 X 12 patches in total. 
Patch ( 1,  5) is done.  7 X 12 patches in total. 
Patch ( 7,  4) is done.  7 X 12 patches in total. 
Patch ( 6,  4) is done.  7 X 12 patches in total. 
Patch ( 2, 10) is done.  7 X 12 patches in total. 
Patch ( 1, 10) is done.  7 X 12 patches in total. 
Patch ( 6, 11) is done.  7 X 12 patches in total. 
Patch ( 6, 12) is done.  7 X 12 patches in total. 
Patch ( 7, 12) is done.  7 X 12 patches in total. 
Patch ( 5, 12) is done.  7 X 12 patches in total. 
Patch ( 4,  4) is done.  7 X 12 patches in total. 
Patch ( 3,  4) is done.  7 X 12 patches in total. 
Patch ( 2,  4) is done.  7 X 12 patches in total. 
Patch ( 4, 11) is done.  7 X 12 patches in total. 
Patch ( 3,  6) is done.  7 X 12 patches in total. 
Patch ( 2,  6) is done.  7 X 12 patches in total. 
Patch ( 1,  6) is done.  7 X 12 patches in total. 
Patch ( 7,  5) is done.  7 X 12 patches in total. 
Patch ( 3, 12) is done.  7 X 12 patches in total. 
Patch ( 6,  5) is done.  7 X 12 patches in total. 
Patch ( 5,  5) is done.  7 X 12 patches in total. 
Patch ( 4,  5) is done.  7 X 12 patches in total. 
Patch ( 3,  5) is done.  7 X 12 patches in total. 
Patch ( 1, 12) is done.  7 X 12 patches in total. 
Collect results from all small patches...
Post-process spatial components of all neurons...
Done!
Done!
Update the constant baselines for all pixels..
Done!

-----------------UPDATE TEMPORAL---------------------------
Patch ( 1,  1) is done.  7 X 12 patches in total. 
Patch ( 2,  1) is done.  7 X 12 patches in total. 
Patch ( 3,  1) is done.  7 X 12 patches in total. 
Patch ( 5,  1) is done.  7 X 12 patches in total. 
Patch ( 4,  1) is done.  7 X 12 patches in total. 
Patch ( 4,  7) is done.  7 X 12 patches in total. 
Patch ( 3,  7) is done.  7 X 12 patches in total. 
Patch ( 2,  7) is done.  7 X 12 patches in total. 
Patch ( 1,  7) is done.  7 X 12 patches in total. 
Patch ( 2, 10) is done.  7 X 12 patches in total. 
Patch ( 1, 10) is done.  7 X 12 patches in total. 
Patch ( 5, 11) is done.  7 X 12 patches in total. 
Patch ( 7,  1) is done.  7 X 12 patches in total. 
Patch ( 6,  1) is done.  7 X 12 patches in total. 
Patch ( 1,  8) is done.  7 X 12 patches in total. 
Patch ( 7,  7) is done.  7 X 12 patches in total. 
Patch ( 6,  7) is done.  7 X 12 patches in total. 
Patch ( 5,  7) is done.  7 X 12 patches in total. 
Patch ( 4, 10) is done.  7 X 12 patches in total. 
Patch ( 3, 10) is done.  7 X 12 patches in total. 
Patch ( 4, 12) is done.  7 X 12 patches in total. 
Patch ( 3,  2) is done.  7 X 12 patches in total. 
Patch ( 2,  2) is done.  7 X 12 patches in total. 
Patch ( 1,  2) is done.  7 X 12 patches in total. 
Patch ( 5,  8) is done.  7 X 12 patches in total. 
Patch ( 4,  8) is done.  7 X 12 patches in total. 
Patch ( 3,  8) is done.  7 X 12 patches in total. 
Patch ( 2,  8) is done.  7 X 12 patches in total. 
Patch ( 6, 10) is done.  7 X 12 patches in total. 
Patch ( 5, 10) is done.  7 X 12 patches in total. 
Patch ( 5, 12) is done.  7 X 12 patches in total. 
Patch ( 7,  2) is done.  7 X 12 patches in total. 
Patch ( 6,  2) is done.  7 X 12 patches in total. 
Patch ( 5,  2) is done.  7 X 12 patches in total. 
Patch ( 4,  2) is done.  7 X 12 patches in total. 
Patch ( 1,  9) is done.  7 X 12 patches in total. 
Patch ( 7,  8) is done.  7 X 12 patches in total. 
Patch ( 6,  8) is done.  7 X 12 patches in total. 
Patch ( 1, 11) is done.  7 X 12 patches in total. 
Patch ( 7, 10) is done.  7 X 12 patches in total. 
Patch ( 4,  3) is done.  7 X 12 patches in total. 
Patch ( 3,  3) is done.  7 X 12 patches in total. 
Patch ( 2,  3) is done.  7 X 12 patches in total. 
Patch ( 1,  3) is done.  7 X 12 patches in total. 
Patch ( 4,  9) is done.  7 X 12 patches in total. 
Patch ( 3,  9) is done.  7 X 12 patches in total. 
Patch ( 2,  9) is done.  7 X 12 patches in total. 
Patch ( 3, 11) is done.  7 X 12 patches in total. 
Patch ( 2, 11) is done.  7 X 12 patches in total. 
Patch ( 1,  4) is done.  7 X 12 patches in total. 
Patch ( 7,  3) is done.  7 X 12 patches in total. 
Patch ( 6,  3) is done.  7 X 12 patches in total. 
Patch ( 5,  3) is done.  7 X 12 patches in total. 
Patch ( 7,  9) is done.  7 X 12 patches in total. 
Patch ( 6,  9) is done.  7 X 12 patches in total. 
Patch ( 5,  9) is done.  7 X 12 patches in total. 
Patch ( 4, 11) is done.  7 X 12 patches in total. 
Patch ( 6, 12) is done.  7 X 12 patches in total. 
Patch ( 7, 12) is done.  7 X 12 patches in total. 
Patch ( 2,  5) is done.  7 X 12 patches in total. 
Patch ( 1,  5) is done.  7 X 12 patches in total. 
Patch ( 7,  4) is done.  7 X 12 patches in total. 
Patch ( 6,  4) is done.  7 X 12 patches in total. 
Patch ( 7, 11) is done.  7 X 12 patches in total. 
Patch ( 7,  6) is done.  7 X 12 patches in total. 
Patch ( 6,  6) is done.  7 X 12 patches in total. 
Patch ( 5,  6) is done.  7 X 12 patches in total. 
Patch ( 4,  6) is done.  7 X 12 patches in total. 
Patch ( 5,  4) is done.  7 X 12 patches in total. 
Patch ( 3, 12) is done.  7 X 12 patches in total. 
Patch ( 6,  5) is done.  7 X 12 patches in total. 
Patch ( 5,  5) is done.  7 X 12 patches in total. 
Patch ( 4,  5) is done.  7 X 12 patches in total. 
Patch ( 3,  6) is done.  7 X 12 patches in total. 
Patch ( 2,  6) is done.  7 X 12 patches in total. 
Patch ( 1,  6) is done.  7 X 12 patches in total. 
Patch ( 7,  5) is done.  7 X 12 patches in total. 
Patch ( 2, 12) is done.  7 X 12 patches in total. 
Patch ( 4,  4) is done.  7 X 12 patches in total. 
Patch ( 3,  4) is done.  7 X 12 patches in total. 
Patch ( 2,  4) is done.  7 X 12 patches in total. 
Patch ( 6, 11) is done.  7 X 12 patches in total. 
Patch ( 3,  5) is done.  7 X 12 patches in total. 
Patch ( 1, 12) is done.  7 X 12 patches in total. 
Collect results from all small patches...
Deconvolve and denoise all temporal traces again...
|||
.
.
.

Done!
Update the constant baselines for all pixels..
Done!
all components are good 
-------------MERGE HIGHLY CORRELATED CLOSE-BY NEURONS----------

All pairs of neurons are below the merging criterion!

-------------MERGE HIGHLY CORRELATED NEURONS----------

All pairs of neurons are below the merging criterion!

------------- SAVE THE WHOLE WORKSPACE ----------

The current workspace has been saved into file 
	/projects/p30771/miniscope/data/GRIN026/H16_M35_S34msCam1_Substack_300-400_unfiltered_rigidcorrected_source_extraction_20:03:21.604/frames_1_101/LOGS_10-Oct_20_04_44/10-Oct_20_06_28.mat

The folder has been created and old results will be overwritten. 
[Warning: MATLAB has disabled some advanced graphics rendering features by
switching to software OpenGL. For more information, click <a
href="matlab:opengl('problems')">here</a>.] 
finished cnmfe run
