MATLAB is selecting SOFTWARE OPENGL rendering.

                            < M A T L A B (R) >
                  Copyright 1984-2018 The MathWorks, Inc.
              R2018a Update 6 (9.4.0.949201) 64-bit (glnxa64)
                             September 5, 2018

 
To get started, type one of these: helpwin, helpdesk, or demo.
For product information, visit www.mathworks.com.
 
gSig:
     7

gSiz:
    21

Fs
    20

Spatial downsampling factor:
     4

Parallel processing enabled
false
[Warning: Function narginchk has the same name as a MATLAB builtin. We suggest
you rename the function to avoid a potential name conflict.] 
[> In path (line 109)
  In addpath (line 96)
  In jjm_batch_run_from_command_line (line 35)
  In run (line 91)] 

----------------------------------------
1:	/projects/p30771/miniscope/data/GRIN018/H17_M41_S43/memmap_0000memmap_0004_resized.h5
2:	/projects/p30771/miniscope/data/GRIN018/H17_M41_S43/memmap_0005memmap_0009_resized.h5
3:	/projects/p30771/miniscope/data/GRIN018/H17_M41_S43/memmap_0010memmap_0014_resized.h5
4:	/projects/p30771/miniscope/data/GRIN018/H17_M41_S43/memmap_0015memmap_0019_resized.h5
5:	/projects/p30771/miniscope/data/GRIN018/H17_M41_S43/memmap_0020memmap_0021_resized.h5

----------------------------------------

The data has 752 X 480 pixels X 5000 frames. 
Loading all data (double precision) requires 13.447 GB RAM

The FOV is divided into 12 X 7 patches. 
Each patch has 63 X 61 pixels. 
It requires 0.554 GB RAM for loading data related to each patch. 

Finished reading images

-------- Loading --------
Data is being loaded and distributed into multiple small blocks for easy access.

Finished reading images
block( 1, 1)/(25, 15) done
block( 1, 2)/(25, 15) done
block( 1, 3)/(25, 15) done
block( 1, 4)/(25, 15) done
block( 1, 5)/(25, 15) done
block( 1, 6)/(25, 15) done
block( 1, 7)/(25, 15) done
block( 1, 8)/(25, 15) done
block( 1, 9)/(25, 15) done
block( 1,10)/(25, 15) done
block( 1,11)/(25, 15) done
block( 1,12)/(25, 15) done
block( 1,13)/(25, 15) done
block( 1,14)/(25, 15) done
block( 1,15)/(25, 15) done
block( 2, 1)/(25, 15) done
block( 2, 2)/(25, 15) done
block( 2, 3)/(25, 15) done
block( 2, 4)/(25, 15) done
block( 2, 5)/(25, 15) done
block( 2, 6)/(25, 15) done
block( 2, 7)/(25, 15) done
block( 2, 8)/(25, 15) done
block( 2, 9)/(25, 15) done
block( 2,10)/(25, 15) done
block( 2,11)/(25, 15) done
block( 2,12)/(25, 15) done
block( 2,13)/(25, 15) done
block( 2,14)/(25, 15) done
block( 2,15)/(25, 15) done
block( 3, 1)/(25, 15) done
block( 3, 2)/(25, 15) done
block( 3, 3)/(25, 15) done
block( 3, 4)/(25, 15) done
block( 3, 5)/(25, 15) done
block( 3, 6)/(25, 15) done
block( 3, 7)/(25, 15) done
block( 3, 8)/(25, 15) done
block( 3, 9)/(25, 15) done
block( 3,10)/(25, 15) done
block( 3,11)/(25, 15) done
block( 3,12)/(25, 15) done
block( 3,13)/(25, 15) done
block( 3,14)/(25, 15) done
block( 3,15)/(25, 15) done
block( 4, 1)/(25, 15) done
block( 4, 2)/(25, 15) done
block( 4, 3)/(25, 15) done
block( 4, 4)/(25, 15) done
block( 4, 5)/(25, 15) done
block( 4, 6)/(25, 15) done
block( 4, 7)/(25, 15) done
block( 4, 8)/(25, 15) done
block( 4, 9)/(25, 15) done
block( 4,10)/(25, 15) done
block( 4,11)/(25, 15) done
block( 4,12)/(25, 15) done
block( 4,13)/(25, 15) done
block( 4,14)/(25, 15) done
block( 4,15)/(25, 15) done
block( 5, 1)/(25, 15) done
block( 5, 2)/(25, 15) done
block( 5, 3)/(25, 15) done
block( 5, 4)/(25, 15) done
