MATLAB is selecting SOFTWARE OPENGL rendering.

                            < M A T L A B (R) >
                  Copyright 1984-2018 The MathWorks, Inc.
              R2018a Update 6 (9.4.0.949201) 64-bit (glnxa64)
                             September 5, 2018

 
To get started, type one of these: helpwin, helpdesk, or demo.
For product information, visit www.mathworks.com.
 

----------------------------------------
1:	/projects/p30771/miniscope/data/GRIN027/H13_M29_S44/memmap_0000memmap_0004_resized.h5
2:	/projects/p30771/miniscope/data/GRIN027/H13_M29_S44/memmap_0005memmap_0009_resized.h5
3:	/projects/p30771/miniscope/data/GRIN027/H13_M29_S44/memmap_0010memmap_0014_resized.h5
4:	/projects/p30771/miniscope/data/GRIN027/H13_M29_S44/memmap_0015memmap_0019_resized.h5
5:	/projects/p30771/miniscope/data/GRIN027/H13_M29_S44/memmap_0020memmap_0024_resized.h5
6:	/projects/p30771/miniscope/data/GRIN027/H13_M29_S44/memmap_0025memmap_0029_resized.h5

----------------------------------------

The data has 752 X 480 pixels X 5000 frames. 
Loading all data (double precision) requires 13.447 GB RAM

The FOV is divided into 12 X 7 patches. 
Each patch has 63 X 61 pixels. 
It requires 0.554 GB RAM for loading data related to each patch. 

Finished reading images

-------- Loading --------
Data is being loaded and distributed into multiple small blocks for easy access.

Finished reading images
block( 1, 1)/(25, 15) done
block( 1, 2)/(25, 15) done
block( 1, 3)/(25, 15) done
block( 1, 4)/(25, 15) done
block( 1, 5)/(25, 15) done
{Error using distribute_data (line 196)
Error closing file
/projects/p30771/miniscope/data/GRIN027/H13_M29_S44/memmap_0000memmap_0004_resized_source_extraction_19:01:58.234/data_64_64_29.mat.
The file may be corrupt.

Error in Sources2D/getReady (line 239)
            [data, dims, obj.P.folder_analysis] = distribute_data(nam,...

Error in Sources2D/getReady_batch (line 294)
                neuron.getReady(pars_envs);

Error in run_cnmfe_batch_matlab_jjm (line 127)
    neuron.getReady_batch(pars_envs);

Error in jjm_batch_run_from_command_line (line 20)
run_cnmfe_batch_matlab_jjm(files_to_analyze, 7, 21, 20, false) ;

Error in run (line 91)
evalin('caller', strcat(script, ';'));
} 
/var/spool/slurmd/job2300630/slurm_script: line 30: 23648 Killed                  matlab -nosplash -nodesktop -r "addpath(genpath('/projects/p30771/MATLAB/CNMF_E_jjm/'));run('/projects/p30771/MATLAB/CNMF_E_jjm/quest_MATLAB_cnmfe/jjm_batch_run_from_command_line.m');exit;"
